[0617/021253.755:ERROR:process_memory_win.cc(73)] ReadMemory at 0x1c92e784190 of 6656 bytes failed: 仅完成部分的 ReadProcessMemory 或 WriteProcessMemory 请求。 (0x12B)
[0617/021253.757:ERROR:process_snapshot_win.cc(322)] failed to read unloaded module data
[0617/021253.763:ERROR:process_memory_win.cc(73)] ReadMemory at 0x1c92e920000 of 64 bytes failed: 仅完成部分的 ReadProcessMemory 或 WriteProcessMemory 请求。 (0x12B)
[0617/021253.763:WARNING:pe_image_reader.cc(340)] could not read dos header from C:\WINDOWS\System32\GDI32.dll
[0617/021253.764:ERROR:process_memory_win.cc(73)] ReadMemory at 0x1c92e997df0 of 72 bytes failed: 仅完成部分的 ReadProcessMemory 或 WriteProcessMemory 请求。 (0x12B)
[0617/021253.764:WARNING:pe_image_annotations_reader.cc(134)] could not read annotations list object in C:\Program Files (x86)\Google\Chrome\Application\83.0.4103.97\chrome_elf.dll
[0617/021253.766:ERROR:process_memory_win.cc(73)] ReadMemory at 0x1c92ece6170 of 72 bytes failed: 仅完成部分的 ReadProcessMemory 或 WriteProcessMemory 请求。 (0x12B)
[0617/021253.766:WARNING:pe_image_annotations_reader.cc(134)] could not read annotations list object in C:\Program Files (x86)\Google\Chrome\Application\83.0.4103.97\chrome.dll
[0617/021253.768:ERROR:process_memory_win.cc(73)] ReadMemory at 0x1c92e920000 of 64 bytes failed: 仅完成部分的 ReadProcessMemory 或 WriteProcessMemory 请求。 (0x12B)
[0617/021253.768:WARNING:pe_image_reader.cc(340)] could not read dos header from C:\WINDOWS\System32\GDI32.dll
[0617/021253.768:ERROR:process_memory_win.cc(73)] ReadMemory at 0x1c92e920000 of 64 bytes failed: 仅完成部分的 ReadProcessMemory 或 WriteProcessMemory 请求。 (0x12B)
[0617/021253.768:WARNING:pe_image_reader.cc(340)] could not read dos header from C:\WINDOWS\System32\GDI32.dll
[0617/021254.653:ERROR:process_memory_win.cc(73)] ReadMemory at 0x7ff7690f0000 of 64 bytes failed: 仅完成部分的 ReadProcessMemory 或 WriteProcessMemory 请求。 (0x12B)
[0617/021254.653:WARNING:pe_image_reader.cc(340)] could not read dos header from C:\Program Files (x86)\Google\Chrome\Application\chrome.exe
[0617/021254.653:ERROR:process_memory_win.cc(73)] ReadMemory at 0x7ffac6a00000 of 64 bytes failed: 仅完成部分的 ReadProcessMemory 或 WriteProcessMemory 请求。 (0x12B)
[0617/021254.653:WARNING:pe_image_reader.cc(340)] could not read dos header from C:\WINDOWS\SYSTEM32\ntdll.dll
[0617/021254.653:ERROR:process_memory_win.cc(73)] ReadMemory at 0x7ffac5f00000 of 64 bytes failed: 仅完成部分的 ReadProcessMemory 或 WriteProcessMemory 请求。 (0x12B)
[0617/021254.653:WARNING:pe_image_reader.cc(340)] could not read dos header from C:\WINDOWS\System32\KERNEL32.DLL
[0617/021254.653:ERROR:process_memory_win.cc(73)] ReadMemory at 0x7ffac4670000 of 64 bytes failed: 仅完成部分的 ReadProcessMemory 或 WriteProcessMemory 请求。 (0x12B)
[0617/021254.653:WARNING:pe_image_reader.cc(340)] could not read dos header from C:\WINDOWS\System32\KERNELBASE.dll
[0617/021254.653:ERROR:process_memory_win.cc(73)] ReadMemory at 0x7ffa83880000 of 64 bytes failed: 仅完成部分的 ReadProcessMemory 或 WriteProcessMemory 请求。 (0x12B)
[0617/021254.653:WARNING:pe_image_reader.cc(340)] could not read dos header from C:\Program Files (x86)\Google\Chrome\Application\83.0.4103.97\chrome_elf.dll
[0617/021254.653:ERROR:process_memory_win.cc(73)] ReadMemory at 0x7ffabe510000 of 64 bytes failed: 仅完成部分的 ReadProcessMemory 或 WriteProcessMemory 请求。 (0x12B)
[0617/021254.653:WARNING:pe_image_reader.cc(340)] could not read dos header from C:\WINDOWS\SYSTEM32\VERSION.dll
[0617/021254.653:ERROR:process_memory_win.cc(73)] ReadMemory at 0x7ffac5cd0000 of 64 bytes failed: 仅完成部分的 ReadProcessMemory 或 WriteProcessMemory 请求。 (0x12B)
[0617/021254.653:WARNING:pe_image_reader.cc(340)] could not read dos header from C:\WINDOWS\System32\msvcrt.dll
[0617/021254.653:ERROR:process_memory_win.cc(73)] ReadMemory at 0x7ffac4a30000 of 64 bytes failed: 仅完成部分的 ReadProcessMemory 或 WriteProcessMemory 请求。 (0x12B)
[0617/021254.653:WARNING:pe_image_reader.cc(340)] could not read dos header from C:\WINDOWS\System32\bcryptPrimitives.dll
[0617/021254.653:ERROR:process_memory_win.cc(73)] ReadMemory at 0x7ffac5bf0000 of 64 bytes failed: 仅完成部分的 ReadProcessMemory 或 WriteProcessMemory 请求。 (0x12B)
[0617/021254.653:WARNING:pe_image_reader.cc(340)] could not read dos header from C:\WINDOWS\System32\ADVAPI32.dll
[0617/021254.653:ERROR:process_memory_win.cc(73)] ReadMemory at 0x7ffac5ff0000 of 64 bytes failed: 仅完成部分的 ReadProcessMemory 或 WriteProcessMemory 请求。 (0x12B)
[0617/021254.653:WARNING:pe_image_reader.cc(340)] could not read dos header from C:\WINDOWS\System32\sechost.dll
[0617/021254.654:ERROR:process_memory_win.cc(73)] ReadMemory at 0x7ffac5de0000 of 64 bytes failed: 仅完成部分的 ReadProcessMemory 或 WriteProcessMemory 请求。 (0x12B)
[0617/021254.654:WARNING:pe_image_reader.cc(340)] could not read dos header from C:\WINDOWS\System32\RPCRT4.dll
[0617/021254.654:ERROR:process_memory_win.cc(73)] ReadMemory at 0x7ffa7b800000 of 64 bytes failed: 仅完成部分的 ReadProcessMemory 或 WriteProcessMemory 请求。 (0x12B)
[0617/021254.654:WARNING:pe_image_reader.cc(340)] could not read dos header from C:\Program Files (x86)\Google\Chrome\Application\83.0.4103.97\chrome.dll
[0617/021254.654:ERROR:process_memory_win.cc(73)] ReadMemory at 0x7ffac5410000 of 64 bytes failed: 仅完成部分的 ReadProcessMemory 或 WriteProcessMemory 请求。 (0x12B)
[0617/021254.654:WARNING:pe_image_reader.cc(340)] could not read dos header from C:\WINDOWS\System32\WS2_32.dll
[0617/021254.654:ERROR:process_memory_win.cc(73)] ReadMemory at 0x7ffac61c0000 of 64 bytes failed: 仅完成部分的 ReadProcessMemory 或 WriteProcessMemory 请求。 (0x12B)
[0617/021254.654:WARNING:pe_image_reader.cc(340)] could not read dos header from C:\WINDOWS\System32\OLEAUT32.dll
[0617/021254.654:ERROR:process_memory_win.cc(73)] ReadMemory at 0x7ffac4970000 of 64 bytes failed: 仅完成部分的 ReadProcessMemory 或 WriteProcessMemory 请求。 (0x12B)
[0617/021254.654:WARNING:pe_image_reader.cc(340)] could not read dos header from C:\WINDOWS\System32\msvcp_win.dll
[0617/021254.654:ERROR:process_memory_win.cc(73)] ReadMemory at 0x7ffac4170000 of 64 bytes failed: 仅完成部分的 ReadProcessMemory 或 WriteProcessMemory 请求。 (0x12B)
[0617/021254.654:WARNING:pe_image_reader.cc(340)] could not read dos header from C:\WINDOWS\System32\ucrtbase.dll
[0617/021254.654:ERROR:process_memory_win.cc(73)] ReadMemory at 0x7ffac50d0000 of 64 bytes failed: 仅完成部分的 ReadProcessMemory 或 WriteProcessMemory 请求。 (0x12B)
[0617/021254.654:WARNING:pe_image_reader.cc(340)] could not read dos header from C:\WINDOWS\System32\combase.dll
[0617/021254.654:ERROR:process_memory_win.cc(73)] ReadMemory at 0x7ffac3990000 of 64 bytes failed: 仅完成部分的 ReadProcessMemory 或 WriteProcessMemory 请求。 (0x12B)
[0617/021254.654:WARNING:pe_image_reader.cc(340)] could not read dos header from C:\WINDOWS\System32\WINTRUST.dll
[0617/021254.654:ERROR:process_memory_win.cc(73)] ReadMemory at 0x7ffac3970000 of 64 bytes failed: 仅完成部分的 ReadProcessMemory 或 WriteProcessMemory 请求。 (0x12B)
[0617/021254.654:WARNING:pe_image_reader.cc(340)] could not read dos header from C:\WINDOWS\System32\MSASN1.dll
[0617/021254.654:ERROR:process_memory_win.cc(73)] ReadMemory at 0x7ffac4270000 of 64 bytes failed: 仅完成部分的 ReadProcessMemory 或 WriteProcessMemory 请求。 (0x12B)
[0617/021254.654:WARNING:pe_image_reader.cc(340)] could not read dos header from C:\WINDOWS\System32\CRYPT32.dll
[0617/021254.654:ERROR:process_memory_win.cc(73)] ReadMemory at 0x7ffac2e40000 of 64 bytes failed: 仅完成部分的 ReadProcessMemory 或 WriteProcessMemory 请求。 (0x12B)
[0617/021254.654:WARNING:pe_image_reader.cc(340)] could not read dos header from C:\WINDOWS\SYSTEM32\IPHLPAPI.DLL
[0617/021254.654:ERROR:process_memory_win.cc(73)] ReadMemory at 0x7ffaba520000 of 64 bytes failed: 仅完成部分的 ReadProcessMemory 或 WriteProcessMemory 请求。 (0x12B)
[0617/021254.654:WARNING:pe_image_reader.cc(340)] could not read dos header from C:\WINDOWS\SYSTEM32\WINMM.dll
[0617/021254.654:ERROR:process_memory_win.cc(73)] ReadMemory at 0x7ffab6ab0000 of 64 bytes failed: 仅完成部分的 ReadProcessMemory 或 WriteProcessMemory 请求。 (0x12B)
[0617/021254.654:WARNING:pe_image_reader.cc(340)] could not read dos header from C:\WINDOWS\SYSTEM32\Secur32.dll
[0617/021254.654:ERROR:process_memory_win.cc(73)] ReadMemory at 0x7ffac37e0000 of 64 bytes failed: 仅完成部分的 ReadProcessMemory 或 WriteProcessMemory 请求。 (0x12B)
[0617/021254.654:WARNING:pe_image_reader.cc(340)] could not read dos header from C:\WINDOWS\SYSTEM32\USERENV.dll
[0617/021254.654:ERROR:process_memory_win.cc(73)] ReadMemory at 0x7ffac3940000 of 64 bytes failed: 仅完成部分的 ReadProcessMemory 或 WriteProcessMemory 请求。 (0x12B)
[0617/021254.654:WARNING:pe_image_reader.cc(340)] could not read dos header from C:\WINDOWS\System32\profapi.dll
[0617/021254.654:ERROR:process_memory_win.cc(73)] ReadMemory at 0x7ffa9e760000 of 64 bytes failed: 仅完成部分的 ReadProcessMemory 或 WriteProcessMemory 请求。 (0x12B)
[0617/021254.654:WARNING:pe_image_reader.cc(340)] could not read dos header from C:\WINDOWS\SYSTEM32\UIAutomationCore.DLL
[0617/021254.654:ERROR:process_memory_win.cc(73)] ReadMemory at 0x7ffaa9580000 of 64 bytes failed: 仅完成部分的 ReadProcessMemory 或 WriteProcessMemory 请求。 (0x12B)
[0617/021254.654:WARNING:pe_image_reader.cc(340)] could not read dos header from C:\WINDOWS\SYSTEM32\DWrite.dll
[0617/021254.654:ERROR:process_memory_win.cc(73)] ReadMemory at 0x7ffab7c00000 of 64 bytes failed: 仅完成部分的 ReadProcessMemory 或 WriteProcessMemory 请求。 (0x12B)
[0617/021254.654:WARNING:pe_image_reader.cc(340)] could not read dos header from C:\WINDOWS\SYSTEM32\WINSPOOL.DRV
[0617/021254.654:ERROR:process_memory_win.cc(73)] ReadMemory at 0x7ffac38d0000 of 64 bytes failed: 仅完成部分的 ReadProcessMemory 或 WriteProcessMemory 请求。 (0x12B)
[0617/021254.654:WARNING:pe_image_reader.cc(340)] could not read dos header from C:\WINDOWS\System32\kernel.appcore.dll
[0617/021254.654:ERROR:process_memory_win.cc(73)] ReadMemory at 0x7ffac44a0000 of 64 bytes failed: 仅完成部分的 ReadProcessMemory 或 WriteProcessMemory 请求。 (0x12B)
[0617/021254.654:WARNING:pe_image_reader.cc(340)] could not read dos header from C:\WINDOWS\System32\bcrypt.dll
[0617/021254.654:ERROR:process_memory_win.cc(73)] ReadMemory at 0x7ffabbc20000 of 64 bytes failed: 仅完成部分的 ReadProcessMemory 或 WriteProcessMemory 请求。 (0x12B)
[0617/021254.654:WARNING:pe_image_reader.cc(340)] could not read dos header from C:\WINDOWS\SYSTEM32\dbghelp.dll
[0617/021254.654:ERROR:process_memory_win.cc(73)] ReadMemory at 0x7ffaba3f0000 of 64 bytes failed: 仅完成部分的 ReadProcessMemory 或 WriteProcessMemory 请求。 (0x12B)
[0617/021254.654:WARNING:pe_image_reader.cc(340)] could not read dos header from C:\WINDOWS\SYSTEM32\WINHTTP.dll
[0617/021254.654:ERROR:process_memory_win.cc(73)] ReadMemory at 0x7ffabc300000 of 64 bytes failed: 仅完成部分的 ReadProcessMemory 或 WriteProcessMemory 请求。 (0x12B)
[0617/021254.655:WARNING:pe_image_reader.cc(340)] could not read dos header from C:\WINDOWS\SYSTEM32\dhcpcsvc.DLL
[0617/021254.655:ERROR:process_memory_win.cc(73)] ReadMemory at 0x7ffac69b0000 of 64 bytes failed: 仅完成部分的 ReadProcessMemory 或 WriteProcessMemory 请求。 (0x12B)
[0617/021254.655:WARNING:pe_image_reader.cc(340)] could not read dos header from C:\WINDOWS\System32\NSI.dll
[0617/021254.655:ERROR:process_memory_win.cc(73)] ReadMemory at 0x7ffaba4e0000 of 64 bytes failed: 仅完成部分的 ReadProcessMemory 或 WriteProcessMemory 请求。 (0x12B)
[0617/021254.655:WARNING:pe_image_reader.cc(340)] could not read dos header from C:\WINDOWS\SYSTEM32\WINMMBASE.dll
[0617/021254.655:ERROR:process_memory_win.cc(73)] ReadMemory at 0x7ffac4920000 of 64 bytes failed: 仅完成部分的 ReadProcessMemory 或 WriteProcessMemory 请求。 (0x12B)
[0617/021254.655:WARNING:pe_image_reader.cc(340)] could not read dos header from C:\WINDOWS\System32\cfgmgr32.dll
[0617/021254.655:ERROR:process_memory_win.cc(73)] ReadMemory at 0x7ffac23c0000 of 64 bytes failed: 仅完成部分的 ReadProcessMemory 或 WriteProcessMemory 请求。 (0x12B)
[0617/021254.655:WARNING:pe_image_reader.cc(340)] could not read dos header from C:\WINDOWS\SYSTEM32\PROPSYS.dll
[0617/021254.655:ERROR:process_memory_win.cc(73)] ReadMemory at 0x7ffac4ce0000 of 64 bytes failed: 仅完成部分的 ReadProcessMemory 或 WriteProcessMemory 请求。 (0x12B)
[0617/021254.655:WARNING:pe_image_reader.cc(340)] could not read dos header from C:\WINDOWS\System32\shcore.dll
[0617/021254.655:ERROR:process_memory_win.cc(73)] ReadMemory at 0x7ffac37b0000 of 64 bytes failed: 仅完成部分的 ReadProcessMemory 或 WriteProcessMemory 请求。 (0x12B)
[0617/021254.655:WARNING:pe_image_reader.cc(340)] could not read dos header from C:\WINDOWS\SYSTEM32\SSPICLI.DLL
[0617/021254.655:ERROR:process_memory_win.cc(73)] ReadMemory at 0x7ffac54f0000 of 64 bytes failed: 仅完成部分的 ReadProcessMemory 或 WriteProcessMemory 请求。 (0x12B)
[0617/021254.655:WARNING:pe_image_reader.cc(340)] could not read dos header from C:\WINDOWS\System32\SHELL32.dll
[0617/021254.655:ERROR:process_memory_win.cc(73)] ReadMemory at 0x7ffac39f0000 of 64 bytes failed: 仅完成部分的 ReadProcessMemory 或 WriteProcessMemory 请求。 (0x12B)
[0617/021254.655:WARNING:pe_image_reader.cc(340)] could not read dos header from C:\WINDOWS\System32\windows.storage.dll
[0617/021254.655:ERROR:process_memory_win.cc(73)] ReadMemory at 0x7ffac38f0000 of 64 bytes failed: 仅完成部分的 ReadProcessMemory 或 WriteProcessMemory 请求。 (0x12B)
[0617/021254.655:WARNING:pe_image_reader.cc(340)] could not read dos header from C:\WINDOWS\System32\powrprof.dll
[0617/021254.655:ERROR:process_memory_win.cc(73)] ReadMemory at 0x7ffac38c0000 of 64 bytes failed: 仅完成部分的 ReadProcessMemory 或 WriteProcessMemory 请求。 (0x12B)
[0617/021254.655:WARNING:pe_image_reader.cc(340)] could not read dos header from C:\WINDOWS\System32\UMPDC.dll
[0617/021254.655:ERROR:process_memory_win.cc(73)] ReadMemory at 0x7ffac5d70000 of 64 bytes failed: 仅完成部分的 ReadProcessMemory 或 WriteProcessMemory 请求。 (0x12B)
[0617/021254.655:WARNING:pe_image_reader.cc(340)] could not read dos header from C:\WINDOWS\System32\shlwapi.dll
[0617/021254.655:ERROR:process_memory_win.cc(73)] ReadMemory at 0x1c92e920000 of 64 bytes failed: 仅完成部分的 ReadProcessMemory 或 WriteProcessMemory 请求。 (0x12B)
[0617/021254.655:WARNING:pe_image_reader.cc(340)] could not read dos header from C:\WINDOWS\System32\GDI32.dll
[0617/021254.655:ERROR:process_memory_win.cc(73)] ReadMemory at 0x7ffac43c0000 of 64 bytes failed: 仅完成部分的 ReadProcessMemory 或 WriteProcessMemory 请求。 (0x12B)
[0617/021254.655:WARNING:pe_image_reader.cc(340)] could not read dos header from C:\WINDOWS\System32\win32u.dll
[0617/021254.655:ERROR:process_memory_win.cc(73)] ReadMemory at 0x7ffac44d0000 of 64 bytes failed: 仅完成部分的 ReadProcessMemory 或 WriteProcessMemory 请求。 (0x12B)
[0617/021254.655:WARNING:pe_image_reader.cc(340)] could not read dos header from C:\WINDOWS\System32\gdi32full.dll
[0617/021254.655:ERROR:process_memory_win.cc(73)] ReadMemory at 0x7ffac4f30000 of 64 bytes failed: 仅完成部分的 ReadProcessMemory 或 WriteProcessMemory 请求。 (0x12B)
[0617/021254.655:WARNING:pe_image_reader.cc(340)] could not read dos header from C:\WINDOWS\System32\USER32.dll
[0617/021254.655:ERROR:process_memory_win.cc(73)] ReadMemory at 0x7ffac4a10000 of 64 bytes failed: 仅完成部分的 ReadProcessMemory 或 WriteProcessMemory 请求。 (0x12B)
[0617/021254.655:WARNING:pe_image_reader.cc(340)] could not read dos header from C:\WINDOWS\System32\cryptsp.dll
[0617/021254.655:ERROR:process_memory_win.cc(73)] ReadMemory at 0x7ffac5ca0000 of 64 bytes failed: 仅完成部分的 ReadProcessMemory 或 WriteProcessMemory 请求。 (0x12B)
[0617/021254.655:WARNING:pe_image_reader.cc(340)] could not read dos header from C:\WINDOWS\System32\IMM32.DLL
[0617/021254.655:ERROR:process_memory_win.cc(73)] ReadMemory at 0x7ffac3300000 of 64 bytes failed: 仅完成部分的 ReadProcessMemory 或 WriteProcessMemory 请求。 (0x12B)
[0617/021254.655:WARNING:pe_image_reader.cc(340)] could not read dos header from C:\WINDOWS\SYSTEM32\CRYPTBASE.DLL
[0617/021254.659:ERROR:process_memory_win.cc(73)] ReadMemory at 0x7ff7690f0000 of 64 bytes failed: 仅完成部分的 ReadProcessMemory 或 WriteProcessMemory 请求。 (0x12B)
[0617/021254.659:WARNING:pe_image_reader.cc(340)] could not read dos header from C:\Program Files (x86)\Google\Chrome\Application\chrome.exe
[0617/021254.660:ERROR:process_memory_win.cc(73)] ReadMemory at 0x7ffac6a00000 of 64 bytes failed: 仅完成部分的 ReadProcessMemory 或 WriteProcessMemory 请求。 (0x12B)
[0617/021254.660:WARNING:pe_image_reader.cc(340)] could not read dos header from C:\WINDOWS\SYSTEM32\ntdll.dll
[0617/021254.660:ERROR:process_memory_win.cc(73)] ReadMemory at 0x7ffac5f00000 of 64 bytes failed: 仅完成部分的 ReadProcessMemory 或 WriteProcessMemory 请求。 (0x12B)
[0617/021254.660:WARNING:pe_image_reader.cc(340)] could not read dos header from C:\WINDOWS\System32\KERNEL32.DLL
[0617/021254.660:ERROR:process_memory_win.cc(73)] ReadMemory at 0x7ffac4670000 of 64 bytes failed: 仅完成部分的 ReadProcessMemory 或 WriteProcessMemory 请求。 (0x12B)
[0617/021254.660:WARNING:pe_image_reader.cc(340)] could not read dos header from C:\WINDOWS\System32\KERNELBASE.dll
[0617/021254.660:ERROR:process_memory_win.cc(73)] ReadMemory at 0x7ffa83880000 of 64 bytes failed: 仅完成部分的 ReadProcessMemory 或 WriteProcessMemory 请求。 (0x12B)
[0617/021254.660:WARNING:pe_image_reader.cc(340)] could not read dos header from C:\Program Files (x86)\Google\Chrome\Application\83.0.4103.97\chrome_elf.dll
[0617/021254.660:ERROR:process_memory_win.cc(73)] ReadMemory at 0x7ffabe510000 of 64 bytes failed: 仅完成部分的 ReadProcessMemory 或 WriteProcessMemory 请求。 (0x12B)
[0617/021254.660:WARNING:pe_image_reader.cc(340)] could not read dos header from C:\WINDOWS\SYSTEM32\VERSION.dll
[0617/021254.660:ERROR:process_memory_win.cc(73)] ReadMemory at 0x7ffac5cd0000 of 64 bytes failed: 仅完成部分的 ReadProcessMemory 或 WriteProcessMemory 请求。 (0x12B)
[0617/021254.660:WARNING:pe_image_reader.cc(340)] could not read dos header from C:\WINDOWS\System32\msvcrt.dll
[0617/021254.660:ERROR:process_memory_win.cc(73)] ReadMemory at 0x7ffac4a30000 of 64 bytes failed: 仅完成部分的 ReadProcessMemory 或 WriteProcessMemory 请求。 (0x12B)
[0617/021254.660:WARNING:pe_image_reader.cc(340)] could not read dos header from C:\WINDOWS\System32\bcryptPrimitives.dll
[0617/021254.660:ERROR:process_memory_win.cc(73)] ReadMemory at 0x7ffac5bf0000 of 64 bytes failed: 仅完成部分的 ReadProcessMemory 或 WriteProcessMemory 请求。 (0x12B)
[0617/021254.660:WARNING:pe_image_reader.cc(340)] could not read dos header from C:\WINDOWS\System32\ADVAPI32.dll
[0617/021254.660:ERROR:process_memory_win.cc(73)] ReadMemory at 0x7ffac5ff0000 of 64 bytes failed: 仅完成部分的 ReadProcessMemory 或 WriteProcessMemory 请求。 (0x12B)
[0617/021254.660:WARNING:pe_image_reader.cc(340)] could not read dos header from C:\WINDOWS\System32\sechost.dll
[0617/021254.660:ERROR:process_memory_win.cc(73)] ReadMemory at 0x7ffac5de0000 of 64 bytes failed: 仅完成部分的 ReadProcessMemory 或 WriteProcessMemory 请求。 (0x12B)
[0617/021254.660:WARNING:pe_image_reader.cc(340)] could not read dos header from C:\WINDOWS\System32\RPCRT4.dll
[0617/021254.660:ERROR:process_memory_win.cc(73)] ReadMemory at 0x7ffa7b800000 of 64 bytes failed: 仅完成部分的 ReadProcessMemory 或 WriteProcessMemory 请求。 (0x12B)
[0617/021254.660:WARNING:pe_image_reader.cc(340)] could not read dos header from C:\Program Files (x86)\Google\Chrome\Application\83.0.4103.97\chrome.dll
[0617/021254.660:ERROR:process_memory_win.cc(73)] ReadMemory at 0x7ffac5410000 of 64 bytes failed: 仅完成部分的 ReadProcessMemory 或 WriteProcessMemory 请求。 (0x12B)
[0617/021254.660:WARNING:pe_image_reader.cc(340)] could not read dos header from C:\WINDOWS\System32\WS2_32.dll
[0617/021254.660:ERROR:process_memory_win.cc(73)] ReadMemory at 0x7ffac61c0000 of 64 bytes failed: 仅完成部分的 ReadProcessMemory 或 WriteProcessMemory 请求。 (0x12B)
[0617/021254.660:WARNING:pe_image_reader.cc(340)] could not read dos header from C:\WINDOWS\System32\OLEAUT32.dll
[0617/021254.660:ERROR:process_memory_win.cc(73)] ReadMemory at 0x7ffac4970000 of 64 bytes failed: 仅完成部分的 ReadProcessMemory 或 WriteProcessMemory 请求。 (0x12B)
[0617/021254.660:WARNING:pe_image_reader.cc(340)] could not read dos header from C:\WINDOWS\System32\msvcp_win.dll
[0617/021254.660:ERROR:process_memory_win.cc(73)] ReadMemory at 0x7ffac4170000 of 64 bytes failed: 仅完成部分的 ReadProcessMemory 或 WriteProcessMemory 请求。 (0x12B)
[0617/021254.660:WARNING:pe_image_reader.cc(340)] could not read dos header from C:\WINDOWS\System32\ucrtbase.dll
[0617/021254.660:ERROR:process_memory_win.cc(73)] ReadMemory at 0x7ffac50d0000 of 64 bytes failed: 仅完成部分的 ReadProcessMemory 或 WriteProcessMemory 请求。 (0x12B)
[0617/021254.660:WARNING:pe_image_reader.cc(340)] could not read dos header from C:\WINDOWS\System32\combase.dll
[0617/021254.660:ERROR:process_memory_win.cc(73)] ReadMemory at 0x7ffac3990000 of 64 bytes failed: 仅完成部分的 ReadProcessMemory 或 WriteProcessMemory 请求。 (0x12B)
[0617/021254.660:WARNING:pe_image_reader.cc(340)] could not read dos header from C:\WINDOWS\System32\WINTRUST.dll
[0617/021254.660:ERROR:process_memory_win.cc(73)] ReadMemory at 0x7ffac3970000 of 64 bytes failed: 仅完成部分的 ReadProcessMemory 或 WriteProcessMemory 请求。 (0x12B)
[0617/021254.660:WARNING:pe_image_reader.cc(340)] could not read dos header from C:\WINDOWS\System32\MSASN1.dll
[0617/021254.660:ERROR:process_memory_win.cc(73)] ReadMemory at 0x7ffac4270000 of 64 bytes failed: 仅完成部分的 ReadProcessMemory 或 WriteProcessMemory 请求。 (0x12B)
[0617/021254.660:WARNING:pe_image_reader.cc(340)] could not read dos header from C:\WINDOWS\System32\CRYPT32.dll
[0617/021254.660:ERROR:process_memory_win.cc(73)] ReadMemory at 0x7ffac2e40000 of 64 bytes failed: 仅完成部分的 ReadProcessMemory 或 WriteProcessMemory 请求。 (0x12B)
[0617/021254.660:WARNING:pe_image_reader.cc(340)] could not read dos header from C:\WINDOWS\SYSTEM32\IPHLPAPI.DLL
[0617/021254.660:ERROR:process_memory_win.cc(73)] ReadMemory at 0x7ffaba520000 of 64 bytes failed: 仅完成部分的 ReadProcessMemory 或 WriteProcessMemory 请求。 (0x12B)
[0617/021254.660:WARNING:pe_image_reader.cc(340)] could not read dos header from C:\WINDOWS\SYSTEM32\WINMM.dll
[0617/021254.661:ERROR:process_memory_win.cc(73)] ReadMemory at 0x7ffab6ab0000 of 64 bytes failed: 仅完成部分的 ReadProcessMemory 或 WriteProcessMemory 请求。 (0x12B)
[0617/021254.661:WARNING:pe_image_reader.cc(340)] could not read dos header from C:\WINDOWS\SYSTEM32\Secur32.dll
[0617/021254.661:ERROR:process_memory_win.cc(73)] ReadMemory at 0x7ffac37e0000 of 64 bytes failed: 仅完成部分的 ReadProcessMemory 或 WriteProcessMemory 请求。 (0x12B)
[0617/021254.661:WARNING:pe_image_reader.cc(340)] could not read dos header from C:\WINDOWS\SYSTEM32\USERENV.dll
[0617/021254.661:ERROR:process_memory_win.cc(73)] ReadMemory at 0x7ffac3940000 of 64 bytes failed: 仅完成部分的 ReadProcessMemory 或 WriteProcessMemory 请求。 (0x12B)
[0617/021254.661:WARNING:pe_image_reader.cc(340)] could not read dos header from C:\WINDOWS\System32\profapi.dll
[0617/021254.661:ERROR:process_memory_win.cc(73)] ReadMemory at 0x7ffa9e760000 of 64 bytes failed: 仅完成部分的 ReadProcessMemory 或 WriteProcessMemory 请求。 (0x12B)
[0617/021254.661:WARNING:pe_image_reader.cc(340)] could not read dos header from C:\WINDOWS\SYSTEM32\UIAutomationCore.DLL
[0617/021254.661:ERROR:process_memory_win.cc(73)] ReadMemory at 0x7ffaa9580000 of 64 bytes failed: 仅完成部分的 ReadProcessMemory 或 WriteProcessMemory 请求。 (0x12B)
[0617/021254.661:WARNING:pe_image_reader.cc(340)] could not read dos header from C:\WINDOWS\SYSTEM32\DWrite.dll
[0617/021254.661:ERROR:process_memory_win.cc(73)] ReadMemory at 0x7ffab7c00000 of 64 bytes failed: 仅完成部分的 ReadProcessMemory 或 WriteProcessMemory 请求。 (0x12B)
[0617/021254.661:WARNING:pe_image_reader.cc(340)] could not read dos header from C:\WINDOWS\SYSTEM32\WINSPOOL.DRV
[0617/021254.661:ERROR:process_memory_win.cc(73)] ReadMemory at 0x7ffac38d0000 of 64 bytes failed: 仅完成部分的 ReadProcessMemory 或 WriteProcessMemory 请求。 (0x12B)
[0617/021254.661:WARNING:pe_image_reader.cc(340)] could not read dos header from C:\WINDOWS\System32\kernel.appcore.dll
[0617/021254.661:ERROR:process_memory_win.cc(73)] ReadMemory at 0x7ffac44a0000 of 64 bytes failed: 仅完成部分的 ReadProcessMemory 或 WriteProcessMemory 请求。 (0x12B)
[0617/021254.661:WARNING:pe_image_reader.cc(340)] could not read dos header from C:\WINDOWS\System32\bcrypt.dll
[0617/021254.661:ERROR:process_memory_win.cc(73)] ReadMemory at 0x7ffabbc20000 of 64 bytes failed: 仅完成部分的 ReadProcessMemory 或 WriteProcessMemory 请求。 (0x12B)
[0617/021254.661:WARNING:pe_image_reader.cc(340)] could not read dos header from C:\WINDOWS\SYSTEM32\dbghelp.dll
[0617/021254.661:ERROR:process_memory_win.cc(73)] ReadMemory at 0x7ffaba3f0000 of 64 bytes failed: 仅完成部分的 ReadProcessMemory 或 WriteProcessMemory 请求。 (0x12B)
[0617/021254.661:WARNING:pe_image_reader.cc(340)] could not read dos header from C:\WINDOWS\SYSTEM32\WINHTTP.dll
[0617/021254.661:ERROR:process_memory_win.cc(73)] ReadMemory at 0x7ffabc300000 of 64 bytes failed: 仅完成部分的 ReadProcessMemory 或 WriteProcessMemory 请求。 (0x12B)
[0617/021254.661:WARNING:pe_image_reader.cc(340)] could not read dos header from C:\WINDOWS\SYSTEM32\dhcpcsvc.DLL
[0617/021254.661:ERROR:process_memory_win.cc(73)] ReadMemory at 0x7ffac69b0000 of 64 bytes failed: 仅完成部分的 ReadProcessMemory 或 WriteProcessMemory 请求。 (0x12B)
[0617/021254.661:WARNING:pe_image_reader.cc(340)] could not read dos header from C:\WINDOWS\System32\NSI.dll
[0617/021254.661:ERROR:process_memory_win.cc(73)] ReadMemory at 0x7ffaba4e0000 of 64 bytes failed: 仅完成部分的 ReadProcessMemory 或 WriteProcessMemory 请求。 (0x12B)
[0617/021254.661:WARNING:pe_image_reader.cc(340)] could not read dos header from C:\WINDOWS\SYSTEM32\WINMMBASE.dll
[0617/021254.661:ERROR:process_memory_win.cc(73)] ReadMemory at 0x7ffac4920000 of 64 bytes failed: 仅完成部分的 ReadProcessMemory 或 WriteProcessMemory 请求。 (0x12B)
[0617/021254.661:WARNING:pe_image_reader.cc(340)] could not read dos header from C:\WINDOWS\System32\cfgmgr32.dll
[0617/021254.661:ERROR:process_memory_win.cc(73)] ReadMemory at 0x7ffac23c0000 of 64 bytes failed: 仅完成部分的 ReadProcessMemory 或 WriteProcessMemory 请求。 (0x12B)
[0617/021254.661:WARNING:pe_image_reader.cc(340)] could not read dos header from C:\WINDOWS\SYSTEM32\PROPSYS.dll
[0617/021254.661:ERROR:process_memory_win.cc(73)] ReadMemory at 0x7ffac4ce0000 of 64 bytes failed: 仅完成部分的 ReadProcessMemory 或 WriteProcessMemory 请求。 (0x12B)
[0617/021254.661:WARNING:pe_image_reader.cc(340)] could not read dos header from C:\WINDOWS\System32\shcore.dll
[0617/021254.661:ERROR:process_memory_win.cc(73)] ReadMemory at 0x7ffac37b0000 of 64 bytes failed: 仅完成部分的 ReadProcessMemory 或 WriteProcessMemory 请求。 (0x12B)
[0617/021254.661:WARNING:pe_image_reader.cc(340)] could not read dos header from C:\WINDOWS\SYSTEM32\SSPICLI.DLL
[0617/021254.661:ERROR:process_memory_win.cc(73)] ReadMemory at 0x7ffac54f0000 of 64 bytes failed: 仅完成部分的 ReadProcessMemory 或 WriteProcessMemory 请求。 (0x12B)
[0617/021254.661:WARNING:pe_image_reader.cc(340)] could not read dos header from C:\WINDOWS\System32\SHELL32.dll
[0617/021254.661:ERROR:process_memory_win.cc(73)] ReadMemory at 0x7ffac39f0000 of 64 bytes failed: 仅完成部分的 ReadProcessMemory 或 WriteProcessMemory 请求。 (0x12B)
[0617/021254.661:WARNING:pe_image_reader.cc(340)] could not read dos header from C:\WINDOWS\System32\windows.storage.dll
[0617/021254.661:ERROR:process_memory_win.cc(73)] ReadMemory at 0x7ffac38f0000 of 64 bytes failed: 仅完成部分的 ReadProcessMemory 或 WriteProcessMemory 请求。 (0x12B)
[0617/021254.661:WARNING:pe_image_reader.cc(340)] could not read dos header from C:\WINDOWS\System32\powrprof.dll
[0617/021254.661:ERROR:process_memory_win.cc(73)] ReadMemory at 0x7ffac38c0000 of 64 bytes failed: 仅完成部分的 ReadProcessMemory 或 WriteProcessMemory 请求。 (0x12B)
[0617/021254.661:WARNING:pe_image_reader.cc(340)] could not read dos header from C:\WINDOWS\System32\UMPDC.dll
[0617/021254.661:ERROR:process_memory_win.cc(73)] ReadMemory at 0x7ffac5d70000 of 64 bytes failed: 仅完成部分的 ReadProcessMemory 或 WriteProcessMemory 请求。 (0x12B)
[0617/021254.662:WARNING:pe_image_reader.cc(340)] could not read dos header from C:\WINDOWS\System32\shlwapi.dll
[0617/021254.662:ERROR:process_memory_win.cc(73)] ReadMemory at 0x1c92e920000 of 64 bytes failed: 仅完成部分的 ReadProcessMemory 或 WriteProcessMemory 请求。 (0x12B)
[0617/021254.662:WARNING:pe_image_reader.cc(340)] could not read dos header from C:\WINDOWS\System32\GDI32.dll
[0617/021254.662:ERROR:process_memory_win.cc(73)] ReadMemory at 0x7ffac43c0000 of 64 bytes failed: 仅完成部分的 ReadProcessMemory 或 WriteProcessMemory 请求。 (0x12B)
[0617/021254.662:WARNING:pe_image_reader.cc(340)] could not read dos header from C:\WINDOWS\System32\win32u.dll
[0617/021254.662:ERROR:process_memory_win.cc(73)] ReadMemory at 0x7ffac44d0000 of 64 bytes failed: 仅完成部分的 ReadProcessMemory 或 WriteProcessMemory 请求。 (0x12B)
[0617/021254.662:WARNING:pe_image_reader.cc(340)] could not read dos header from C:\WINDOWS\System32\gdi32full.dll
[0617/021254.662:ERROR:process_memory_win.cc(73)] ReadMemory at 0x7ffac4f30000 of 64 bytes failed: 仅完成部分的 ReadProcessMemory 或 WriteProcessMemory 请求。 (0x12B)
[0617/021254.662:WARNING:pe_image_reader.cc(340)] could not read dos header from C:\WINDOWS\System32\USER32.dll
[0617/021254.662:ERROR:process_memory_win.cc(73)] ReadMemory at 0x7ffac4a10000 of 64 bytes failed: 仅完成部分的 ReadProcessMemory 或 WriteProcessMemory 请求。 (0x12B)
[0617/021254.662:WARNING:pe_image_reader.cc(340)] could not read dos header from C:\WINDOWS\System32\cryptsp.dll
[0617/021254.662:ERROR:process_memory_win.cc(73)] ReadMemory at 0x7ffac5ca0000 of 64 bytes failed: 仅完成部分的 ReadProcessMemory 或 WriteProcessMemory 请求。 (0x12B)
[0617/021254.662:WARNING:pe_image_reader.cc(340)] could not read dos header from C:\WINDOWS\System32\IMM32.DLL
[0617/021254.662:ERROR:process_memory_win.cc(73)] ReadMemory at 0x7ffac3300000 of 64 bytes failed: 仅完成部分的 ReadProcessMemory 或 WriteProcessMemory 请求。 (0x12B)
[0617/021254.662:WARNING:pe_image_reader.cc(340)] could not read dos header from C:\WINDOWS\SYSTEM32\CRYPTBASE.DLL
[0617/021254.662:ERROR:process_memory_win.cc(73)] ReadMemory at 0x7ff7690f0000 of 64 bytes failed: 仅完成部分的 ReadProcessMemory 或 WriteProcessMemory 请求。 (0x12B)
[0617/021254.662:WARNING:pe_image_reader.cc(340)] could not read dos header from C:\Program Files (x86)\Google\Chrome\Application\chrome.exe
[0617/021254.662:ERROR:process_memory_win.cc(73)] ReadMemory at 0x7ffac6a00000 of 64 bytes failed: 仅完成部分的 ReadProcessMemory 或 WriteProcessMemory 请求。 (0x12B)
[0617/021254.662:WARNING:pe_image_reader.cc(340)] could not read dos header from C:\WINDOWS\SYSTEM32\ntdll.dll
[0617/021254.662:ERROR:process_memory_win.cc(73)] ReadMemory at 0x7ffac5f00000 of 64 bytes failed: 仅完成部分的 ReadProcessMemory 或 WriteProcessMemory 请求。 (0x12B)
[0617/021254.662:WARNING:pe_image_reader.cc(340)] could not read dos header from C:\WINDOWS\System32\KERNEL32.DLL
[0617/021254.662:ERROR:process_memory_win.cc(73)] ReadMemory at 0x7ffac4670000 of 64 bytes failed: 仅完成部分的 ReadProcessMemory 或 WriteProcessMemory 请求。 (0x12B)
[0617/021254.662:WARNING:pe_image_reader.cc(340)] could not read dos header from C:\WINDOWS\System32\KERNELBASE.dll
[0617/021254.662:ERROR:process_memory_win.cc(73)] ReadMemory at 0x7ffa83880000 of 64 bytes failed: 仅完成部分的 ReadProcessMemory 或 WriteProcessMemory 请求。 (0x12B)
[0617/021254.662:WARNING:pe_image_reader.cc(340)] could not read dos header from C:\Program Files (x86)\Google\Chrome\Application\83.0.4103.97\chrome_elf.dll
[0617/021254.662:ERROR:process_memory_win.cc(73)] ReadMemory at 0x7ffabe510000 of 64 bytes failed: 仅完成部分的 ReadProcessMemory 或 WriteProcessMemory 请求。 (0x12B)
[0617/021254.662:WARNING:pe_image_reader.cc(340)] could not read dos header from C:\WINDOWS\SYSTEM32\VERSION.dll
[0617/021254.662:ERROR:process_memory_win.cc(73)] ReadMemory at 0x7ffac5cd0000 of 64 bytes failed: 仅完成部分的 ReadProcessMemory 或 WriteProcessMemory 请求。 (0x12B)
[0617/021254.662:WARNING:pe_image_reader.cc(340)] could not read dos header from C:\WINDOWS\System32\msvcrt.dll
[0617/021254.662:ERROR:process_memory_win.cc(73)] ReadMemory at 0x7ffac4a30000 of 64 bytes failed: 仅完成部分的 ReadProcessMemory 或 WriteProcessMemory 请求。 (0x12B)
[0617/021254.662:WARNING:pe_image_reader.cc(340)] could not read dos header from C:\WINDOWS\System32\bcryptPrimitives.dll
[0617/021254.662:ERROR:process_memory_win.cc(73)] ReadMemory at 0x7ffac5bf0000 of 64 bytes failed: 仅完成部分的 ReadProcessMemory 或 WriteProcessMemory 请求。 (0x12B)
[0617/021254.662:WARNING:pe_image_reader.cc(340)] could not read dos header from C:\WINDOWS\System32\ADVAPI32.dll
[0617/021254.662:ERROR:process_memory_win.cc(73)] ReadMemory at 0x7ffac5ff0000 of 64 bytes failed: 仅完成部分的 ReadProcessMemory 或 WriteProcessMemory 请求。 (0x12B)
[0617/021254.662:WARNING:pe_image_reader.cc(340)] could not read dos header from C:\WINDOWS\System32\sechost.dll
[0617/021254.662:ERROR:process_memory_win.cc(73)] ReadMemory at 0x7ffac5de0000 of 64 bytes failed: 仅完成部分的 ReadProcessMemory 或 WriteProcessMemory 请求。 (0x12B)
[0617/021254.662:WARNING:pe_image_reader.cc(340)] could not read dos header from C:\WINDOWS\System32\RPCRT4.dll
[0617/021254.662:ERROR:process_memory_win.cc(73)] ReadMemory at 0x7ffa7b800000 of 64 bytes failed: 仅完成部分的 ReadProcessMemory 或 WriteProcessMemory 请求。 (0x12B)
[0617/021254.662:WARNING:pe_image_reader.cc(340)] could not read dos header from C:\Program Files (x86)\Google\Chrome\Application\83.0.4103.97\chrome.dll
[0617/021254.662:ERROR:process_memory_win.cc(73)] ReadMemory at 0x7ffac5410000 of 64 bytes failed: 仅完成部分的 ReadProcessMemory 或 WriteProcessMemory 请求。 (0x12B)
[0617/021254.662:WARNING:pe_image_reader.cc(340)] could not read dos header from C:\WINDOWS\System32\WS2_32.dll
[0617/021254.662:ERROR:process_memory_win.cc(73)] ReadMemory at 0x7ffac61c0000 of 64 bytes failed: 仅完成部分的 ReadProcessMemory 或 WriteProcessMemory 请求。 (0x12B)
[0617/021254.662:WARNING:pe_image_reader.cc(340)] could not read dos header from C:\WINDOWS\System32\OLEAUT32.dll
[0617/021254.663:ERROR:process_memory_win.cc(73)] ReadMemory at 0x7ffac4970000 of 64 bytes failed: 仅完成部分的 ReadProcessMemory 或 WriteProcessMemory 请求。 (0x12B)
[0617/021254.663:WARNING:pe_image_reader.cc(340)] could not read dos header from C:\WINDOWS\System32\msvcp_win.dll
[0617/021254.663:ERROR:process_memory_win.cc(73)] ReadMemory at 0x7ffac4170000 of 64 bytes failed: 仅完成部分的 ReadProcessMemory 或 WriteProcessMemory 请求。 (0x12B)
[0617/021254.663:WARNING:pe_image_reader.cc(340)] could not read dos header from C:\WINDOWS\System32\ucrtbase.dll
[0617/021254.663:ERROR:process_memory_win.cc(73)] ReadMemory at 0x7ffac50d0000 of 64 bytes failed: 仅完成部分的 ReadProcessMemory 或 WriteProcessMemory 请求。 (0x12B)
[0617/021254.663:WARNING:pe_image_reader.cc(340)] could not read dos header from C:\WINDOWS\System32\combase.dll
[0617/021254.663:ERROR:process_memory_win.cc(73)] ReadMemory at 0x7ffac3990000 of 64 bytes failed: 仅完成部分的 ReadProcessMemory 或 WriteProcessMemory 请求。 (0x12B)
[0617/021254.663:WARNING:pe_image_reader.cc(340)] could not read dos header from C:\WINDOWS\System32\WINTRUST.dll
[0617/021254.663:ERROR:process_memory_win.cc(73)] ReadMemory at 0x7ffac3970000 of 64 bytes failed: 仅完成部分的 ReadProcessMemory 或 WriteProcessMemory 请求。 (0x12B)
[0617/021254.663:WARNING:pe_image_reader.cc(340)] could not read dos header from C:\WINDOWS\System32\MSASN1.dll
[0617/021254.663:ERROR:process_memory_win.cc(73)] ReadMemory at 0x7ffac4270000 of 64 bytes failed: 仅完成部分的 ReadProcessMemory 或 WriteProcessMemory 请求。 (0x12B)
[0617/021254.663:WARNING:pe_image_reader.cc(340)] could not read dos header from C:\WINDOWS\System32\CRYPT32.dll
[0617/021254.663:ERROR:process_memory_win.cc(73)] ReadMemory at 0x7ffac2e40000 of 64 bytes failed: 仅完成部分的 ReadProcessMemory 或 WriteProcessMemory 请求。 (0x12B)
[0617/021254.663:WARNING:pe_image_reader.cc(340)] could not read dos header from C:\WINDOWS\SYSTEM32\IPHLPAPI.DLL
[0617/021254.663:ERROR:process_memory_win.cc(73)] ReadMemory at 0x7ffaba520000 of 64 bytes failed: 仅完成部分的 ReadProcessMemory 或 WriteProcessMemory 请求。 (0x12B)
[0617/021254.663:WARNING:pe_image_reader.cc(340)] could not read dos header from C:\WINDOWS\SYSTEM32\WINMM.dll
[0617/021254.663:ERROR:process_memory_win.cc(73)] ReadMemory at 0x7ffab6ab0000 of 64 bytes failed: 仅完成部分的 ReadProcessMemory 或 WriteProcessMemory 请求。 (0x12B)
[0617/021254.663:WARNING:pe_image_reader.cc(340)] could not read dos header from C:\WINDOWS\SYSTEM32\Secur32.dll
[0617/021254.663:ERROR:process_memory_win.cc(73)] ReadMemory at 0x7ffac37e0000 of 64 bytes failed: 仅完成部分的 ReadProcessMemory 或 WriteProcessMemory 请求。 (0x12B)
[0617/021254.663:WARNING:pe_image_reader.cc(340)] could not read dos header from C:\WINDOWS\SYSTEM32\USERENV.dll
[0617/021254.663:ERROR:process_memory_win.cc(73)] ReadMemory at 0x7ffac3940000 of 64 bytes failed: 仅完成部分的 ReadProcessMemory 或 WriteProcessMemory 请求。 (0x12B)
[0617/021254.663:WARNING:pe_image_reader.cc(340)] could not read dos header from C:\WINDOWS\System32\profapi.dll
[0617/021254.663:ERROR:process_memory_win.cc(73)] ReadMemory at 0x7ffa9e760000 of 64 bytes failed: 仅完成部分的 ReadProcessMemory 或 WriteProcessMemory 请求。 (0x12B)
[0617/021254.663:WARNING:pe_image_reader.cc(340)] could not read dos header from C:\WINDOWS\SYSTEM32\UIAutomationCore.DLL
[0617/021254.663:ERROR:process_memory_win.cc(73)] ReadMemory at 0x7ffaa9580000 of 64 bytes failed: 仅完成部分的 ReadProcessMemory 或 WriteProcessMemory 请求。 (0x12B)
[0617/021254.663:WARNING:pe_image_reader.cc(340)] could not read dos header from C:\WINDOWS\SYSTEM32\DWrite.dll
[0617/021254.663:ERROR:process_memory_win.cc(73)] ReadMemory at 0x7ffab7c00000 of 64 bytes failed: 仅完成部分的 ReadProcessMemory 或 WriteProcessMemory 请求。 (0x12B)
[0617/021254.663:WARNING:pe_image_reader.cc(340)] could not read dos header from C:\WINDOWS\SYSTEM32\WINSPOOL.DRV
[0617/021254.663:ERROR:process_memory_win.cc(73)] ReadMemory at 0x7ffac38d0000 of 64 bytes failed: 仅完成部分的 ReadProcessMemory 或 WriteProcessMemory 请求。 (0x12B)
[0617/021254.663:WARNING:pe_image_reader.cc(340)] could not read dos header from C:\WINDOWS\System32\kernel.appcore.dll
[0617/021254.663:ERROR:process_memory_win.cc(73)] ReadMemory at 0x7ffac44a0000 of 64 bytes failed: 仅完成部分的 ReadProcessMemory 或 WriteProcessMemory 请求。 (0x12B)
[0617/021254.663:WARNING:pe_image_reader.cc(340)] could not read dos header from C:\WINDOWS\System32\bcrypt.dll
[0617/021254.663:ERROR:process_memory_win.cc(73)] ReadMemory at 0x7ffabbc20000 of 64 bytes failed: 仅完成部分的 ReadProcessMemory 或 WriteProcessMemory 请求。 (0x12B)
[0617/021254.663:WARNING:pe_image_reader.cc(340)] could not read dos header from C:\WINDOWS\SYSTEM32\dbghelp.dll
[0617/021254.663:ERROR:process_memory_win.cc(73)] ReadMemory at 0x7ffaba3f0000 of 64 bytes failed: 仅完成部分的 ReadProcessMemory 或 WriteProcessMemory 请求。 (0x12B)
[0617/021254.663:WARNING:pe_image_reader.cc(340)] could not read dos header from C:\WINDOWS\SYSTEM32\WINHTTP.dll
[0617/021254.663:ERROR:process_memory_win.cc(73)] ReadMemory at 0x7ffabc300000 of 64 bytes failed: 仅完成部分的 ReadProcessMemory 或 WriteProcessMemory 请求。 (0x12B)
[0617/021254.663:WARNING:pe_image_reader.cc(340)] could not read dos header from C:\WINDOWS\SYSTEM32\dhcpcsvc.DLL
[0617/021254.663:ERROR:process_memory_win.cc(73)] ReadMemory at 0x7ffac69b0000 of 64 bytes failed: 仅完成部分的 ReadProcessMemory 或 WriteProcessMemory 请求。 (0x12B)
[0617/021254.663:WARNING:pe_image_reader.cc(340)] could not read dos header from C:\WINDOWS\System32\NSI.dll
[0617/021254.663:ERROR:process_memory_win.cc(73)] ReadMemory at 0x7ffaba4e0000 of 64 bytes failed: 仅完成部分的 ReadProcessMemory 或 WriteProcessMemory 请求。 (0x12B)
[0617/021254.663:WARNING:pe_image_reader.cc(340)] could not read dos header from C:\WINDOWS\SYSTEM32\WINMMBASE.dll
[0617/021254.664:ERROR:process_memory_win.cc(73)] ReadMemory at 0x7ffac4920000 of 64 bytes failed: 仅完成部分的 ReadProcessMemory 或 WriteProcessMemory 请求。 (0x12B)
[0617/021254.664:WARNING:pe_image_reader.cc(340)] could not read dos header from C:\WINDOWS\System32\cfgmgr32.dll
[0617/021254.664:ERROR:process_memory_win.cc(73)] ReadMemory at 0x7ffac23c0000 of 64 bytes failed: 仅完成部分的 ReadProcessMemory 或 WriteProcessMemory 请求。 (0x12B)
[0617/021254.664:WARNING:pe_image_reader.cc(340)] could not read dos header from C:\WINDOWS\SYSTEM32\PROPSYS.dll
[0617/021254.664:ERROR:process_memory_win.cc(73)] ReadMemory at 0x7ffac4ce0000 of 64 bytes failed: 仅完成部分的 ReadProcessMemory 或 WriteProcessMemory 请求。 (0x12B)
[0617/021254.664:WARNING:pe_image_reader.cc(340)] could not read dos header from C:\WINDOWS\System32\shcore.dll
[0617/021254.664:ERROR:process_memory_win.cc(73)] ReadMemory at 0x7ffac37b0000 of 64 bytes failed: 仅完成部分的 ReadProcessMemory 或 WriteProcessMemory 请求。 (0x12B)
[0617/021254.664:WARNING:pe_image_reader.cc(340)] could not read dos header from C:\WINDOWS\SYSTEM32\SSPICLI.DLL
[0617/021254.664:ERROR:process_memory_win.cc(73)] ReadMemory at 0x7ffac54f0000 of 64 bytes failed: 仅完成部分的 ReadProcessMemory 或 WriteProcessMemory 请求。 (0x12B)
[0617/021254.664:WARNING:pe_image_reader.cc(340)] could not read dos header from C:\WINDOWS\System32\SHELL32.dll
[0617/021254.664:ERROR:process_memory_win.cc(73)] ReadMemory at 0x7ffac39f0000 of 64 bytes failed: 仅完成部分的 ReadProcessMemory 或 WriteProcessMemory 请求。 (0x12B)
[0617/021254.664:WARNING:pe_image_reader.cc(340)] could not read dos header from C:\WINDOWS\System32\windows.storage.dll
[0617/021254.664:ERROR:process_memory_win.cc(73)] ReadMemory at 0x7ffac38f0000 of 64 bytes failed: 仅完成部分的 ReadProcessMemory 或 WriteProcessMemory 请求。 (0x12B)
[0617/021254.664:WARNING:pe_image_reader.cc(340)] could not read dos header from C:\WINDOWS\System32\powrprof.dll
[0617/021254.664:ERROR:process_memory_win.cc(73)] ReadMemory at 0x7ffac38c0000 of 64 bytes failed: 仅完成部分的 ReadProcessMemory 或 WriteProcessMemory 请求。 (0x12B)
[0617/021254.664:WARNING:pe_image_reader.cc(340)] could not read dos header from C:\WINDOWS\System32\UMPDC.dll
[0617/021254.664:ERROR:process_memory_win.cc(73)] ReadMemory at 0x7ffac5d70000 of 64 bytes failed: 仅完成部分的 ReadProcessMemory 或 WriteProcessMemory 请求。 (0x12B)
[0617/021254.664:WARNING:pe_image_reader.cc(340)] could not read dos header from C:\WINDOWS\System32\shlwapi.dll
[0617/021254.664:ERROR:process_memory_win.cc(73)] ReadMemory at 0x1c92e920000 of 64 bytes failed: 仅完成部分的 ReadProcessMemory 或 WriteProcessMemory 请求。 (0x12B)
[0617/021254.664:WARNING:pe_image_reader.cc(340)] could not read dos header from C:\WINDOWS\System32\GDI32.dll
[0617/021254.664:ERROR:process_memory_win.cc(73)] ReadMemory at 0x7ffac43c0000 of 64 bytes failed: 仅完成部分的 ReadProcessMemory 或 WriteProcessMemory 请求。 (0x12B)
[0617/021254.664:WARNING:pe_image_reader.cc(340)] could not read dos header from C:\WINDOWS\System32\win32u.dll
[0617/021254.664:ERROR:process_memory_win.cc(73)] ReadMemory at 0x7ffac44d0000 of 64 bytes failed: 仅完成部分的 ReadProcessMemory 或 WriteProcessMemory 请求。 (0x12B)
[0617/021254.664:WARNING:pe_image_reader.cc(340)] could not read dos header from C:\WINDOWS\System32\gdi32full.dll
[0617/021254.664:ERROR:process_memory_win.cc(73)] ReadMemory at 0x7ffac4f30000 of 64 bytes failed: 仅完成部分的 ReadProcessMemory 或 WriteProcessMemory 请求。 (0x12B)
[0617/021254.664:WARNING:pe_image_reader.cc(340)] could not read dos header from C:\WINDOWS\System32\USER32.dll
[0617/021254.664:ERROR:process_memory_win.cc(73)] ReadMemory at 0x7ffac4a10000 of 64 bytes failed: 仅完成部分的 ReadProcessMemory 或 WriteProcessMemory 请求。 (0x12B)
[0617/021254.664:WARNING:pe_image_reader.cc(340)] could not read dos header from C:\WINDOWS\System32\cryptsp.dll
[0617/021254.664:ERROR:process_memory_win.cc(73)] ReadMemory at 0x7ffac5ca0000 of 64 bytes failed: 仅完成部分的 ReadProcessMemory 或 WriteProcessMemory 请求。 (0x12B)
[0617/021254.664:WARNING:pe_image_reader.cc(340)] could not read dos header from C:\WINDOWS\System32\IMM32.DLL
[0617/021254.664:ERROR:process_memory_win.cc(73)] ReadMemory at 0x7ffac3300000 of 64 bytes failed: 仅完成部分的 ReadProcessMemory 或 WriteProcessMemory 请求。 (0x12B)
[0617/021254.664:WARNING:pe_image_reader.cc(340)] could not read dos header from C:\WINDOWS\SYSTEM32\CRYPTBASE.DLL
[0617/021254.676:ERROR:process_memory_win.cc(73)] ReadMemory at 0x4b3d5e2000 of 122880 bytes failed: 仅完成部分的 ReadProcessMemory 或 WriteProcessMemory 请求。 (0x12B)
[0617/021254.676:ERROR:process_memory_win.cc(73)] ReadMemory at 0x4b3ddfd000 of 12288 bytes failed: 仅完成部分的 ReadProcessMemory 或 WriteProcessMemory 请求。 (0x12B)
[0617/021254.676:ERROR:process_memory_win.cc(73)] ReadMemory at 0x4b3edfc000 of 16384 bytes failed: 仅完成部分的 ReadProcessMemory 或 WriteProcessMemory 请求。 (0x12B)
[0617/021254.676:ERROR:process_memory_win.cc(73)] ReadMemory at 0x4b3f5fc000 of 16384 bytes failed: 仅完成部分的 ReadProcessMemory 或 WriteProcessMemory 请求。 (0x12B)
[0617/021254.676:ERROR:process_memory_win.cc(73)] ReadMemory at 0x4b3fdfe000 of 8192 bytes failed: 仅完成部分的 ReadProcessMemory 或 WriteProcessMemory 请求。 (0x12B)
[0617/021254.677:ERROR:process_memory_win.cc(73)] ReadMemory at 0x4b405fd000 of 12288 bytes failed: 仅完成部分的 ReadProcessMemory 或 WriteProcessMemory 请求。 (0x12B)
[0617/021254.677:ERROR:process_memory_win.cc(73)] ReadMemory at 0x4b40dfb000 of 20480 bytes failed: 仅完成部分的 ReadProcessMemory 或 WriteProcessMemory 请求。 (0x12B)
[0617/021254.677:ERROR:process_memory_win.cc(73)] ReadMemory at 0x4b415fb000 of 20480 bytes failed: 仅完成部分的 ReadProcessMemory 或 WriteProcessMemory 请求。 (0x12B)
[0617/021254.677:ERROR:process_memory_win.cc(73)] ReadMemory at 0x4b41df7000 of 36864 bytes failed: 仅完成部分的 ReadProcessMemory 或 WriteProcessMemory 请求。 (0x12B)
[0617/021254.677:ERROR:process_memory_win.cc(73)] ReadMemory at 0x4b425f6000 of 40960 bytes failed: 仅完成部分的 ReadProcessMemory 或 WriteProcessMemory 请求。 (0x12B)
[0617/021254.677:ERROR:process_memory_win.cc(73)] ReadMemory at 0x4b42dfd000 of 12288 bytes failed: 仅完成部分的 ReadProcessMemory 或 WriteProcessMemory 请求。 (0x12B)
[0617/021254.677:ERROR:process_memory_win.cc(73)] ReadMemory at 0x4b445f7000 of 36864 bytes failed: 仅完成部分的 ReadProcessMemory 或 WriteProcessMemory 请求。 (0x12B)
[0617/021254.677:ERROR:process_memory_win.cc(73)] ReadMemory at 0x4b455fc000 of 16384 bytes failed: 仅完成部分的 ReadProcessMemory 或 WriteProcessMemory 请求。 (0x12B)
[0617/021254.677:ERROR:process_memory_win.cc(73)] ReadMemory at 0x4b45dfa000 of 24576 bytes failed: 仅完成部分的 ReadProcessMemory 或 WriteProcessMemory 请求。 (0x12B)
[0617/021254.677:ERROR:process_memory_win.cc(73)] ReadMemory at 0x4b465f5000 of 45056 bytes failed: 仅完成部分的 ReadProcessMemory 或 WriteProcessMemory 请求。 (0x12B)
[0617/021254.677:ERROR:process_memory_win.cc(73)] ReadMemory at 0x4b435fd000 of 12288 bytes failed: 仅完成部分的 ReadProcessMemory 或 WriteProcessMemory 请求。 (0x12B)
[0617/021254.677:ERROR:process_memory_win.cc(73)] ReadMemory at 0x4b3e5fc000 of 16384 bytes failed: 仅完成部分的 ReadProcessMemory 或 WriteProcessMemory 请求。 (0x12B)
[0617/021254.678:ERROR:process_memory_win.cc(73)] ReadMemory at 0x4b3cce9000 of 852 bytes failed: 仅完成部分的 ReadProcessMemory 或 WriteProcessMemory 请求。 (0x12B)
[0617/021254.678:ERROR:process_memory_win.cc(73)] ReadMemory at 0x4b3ccea000 of 6024 bytes failed: 仅完成部分的 ReadProcessMemory 或 WriteProcessMemory 请求。 (0x12B)
[0617/021254.678:ERROR:process_memory_win.cc(73)] ReadMemory at 0x4b3ccec000 of 6024 bytes failed: 仅完成部分的 ReadProcessMemory 或 WriteProcessMemory 请求。 (0x12B)
[0617/021254.678:ERROR:process_memory_win.cc(73)] ReadMemory at 0x4b3ccf0000 of 6024 bytes failed: 仅完成部分的 ReadProcessMemory 或 WriteProcessMemory 请求。 (0x12B)
[0617/021254.678:ERROR:process_memory_win.cc(73)] ReadMemory at 0x4b3ccf2000 of 6024 bytes failed: 仅完成部分的 ReadProcessMemory 或 WriteProcessMemory 请求。 (0x12B)
[0617/021254.678:ERROR:process_memory_win.cc(73)] ReadMemory at 0x4b3ccf4000 of 6024 bytes failed: 仅完成部分的 ReadProcessMemory 或 WriteProcessMemory 请求。 (0x12B)
[0617/021254.678:ERROR:process_memory_win.cc(73)] ReadMemory at 0x4b3ccf6000 of 6024 bytes failed: 仅完成部分的 ReadProcessMemory 或 WriteProcessMemory 请求。 (0x12B)
[0617/021254.678:ERROR:process_memory_win.cc(73)] ReadMemory at 0x4b3ccf8000 of 6024 bytes failed: 仅完成部分的 ReadProcessMemory 或 WriteProcessMemory 请求。 (0x12B)
[0617/021254.678:ERROR:process_memory_win.cc(73)] ReadMemory at 0x4b3ccfa000 of 6024 bytes failed: 仅完成部分的 ReadProcessMemory 或 WriteProcessMemory 请求。 (0x12B)
[0617/021254.678:ERROR:process_memory_win.cc(73)] ReadMemory at 0x4b3ccfc000 of 6024 bytes failed: 仅完成部分的 ReadProcessMemory 或 WriteProcessMemory 请求。 (0x12B)
[0617/021254.678:ERROR:process_memory_win.cc(73)] ReadMemory at 0x4b3ccfe000 of 6024 bytes failed: 仅完成部分的 ReadProcessMemory 或 WriteProcessMemory 请求。 (0x12B)
[0617/021254.678:ERROR:process_memory_win.cc(73)] ReadMemory at 0x4b3cd00000 of 6024 bytes failed: 仅完成部分的 ReadProcessMemory 或 WriteProcessMemory 请求。 (0x12B)
[0617/021254.678:ERROR:process_memory_win.cc(73)] ReadMemory at 0x4b3cd06000 of 6024 bytes failed: 仅完成部分的 ReadProcessMemory 或 WriteProcessMemory 请求。 (0x12B)
[0617/021254.678:ERROR:process_memory_win.cc(73)] ReadMemory at 0x4b3cd0a000 of 6024 bytes failed: 仅完成部分的 ReadProcessMemory 或 WriteProcessMemory 请求。 (0x12B)
[0617/021254.679:ERROR:process_memory_win.cc(73)] ReadMemory at 0x4b3cd0c000 of 6024 bytes failed: 仅完成部分的 ReadProcessMemory 或 WriteProcessMemory 请求。 (0x12B)
[0617/021254.679:ERROR:process_memory_win.cc(73)] ReadMemory at 0x4b3cd10000 of 6024 bytes failed: 仅完成部分的 ReadProcessMemory 或 WriteProcessMemory 请求。 (0x12B)
[0617/021254.679:ERROR:process_memory_win.cc(73)] ReadMemory at 0x4b3cd12000 of 6024 bytes failed: 仅完成部分的 ReadProcessMemory 或 WriteProcessMemory 请求。 (0x12B)
[0617/021254.679:ERROR:process_memory_win.cc(73)] ReadMemory at 0x4b3cd14000 of 6024 bytes failed: 仅完成部分的 ReadProcessMemory 或 WriteProcessMemory 请求。 (0x12B)
[0617/021254.679:ERROR:process_memory_win.cc(73)] ReadMemory at 0x1c92e770fe0 of 7062 bytes failed: 仅完成部分的 ReadProcessMemory 或 WriteProcessMemory 请求。 (0x12B)
[0617/021254.679:ERROR:process_memory_win.cc(73)] ReadMemory at 0x1c92e772b80 of 1012 bytes failed: 仅完成部分的 ReadProcessMemory 或 WriteProcessMemory 请求。 (0x12B)
[0617/021254.679:ERROR:process_memory_win.cc(73)] ReadMemory at 0x1c92e7731c8 of 118 bytes failed: 仅完成部分的 ReadProcessMemory 或 WriteProcessMemory 请求。 (0x12B)
[0617/021254.679:ERROR:process_memory_win.cc(73)] ReadMemory at 0x1c92e773240 of 1192 bytes failed: 仅完成部分的 ReadProcessMemory 或 WriteProcessMemory 请求。 (0x12B)
[0617/021254.679:ERROR:process_memory_win.cc(73)] ReadMemory at 0x1c92e7736ea of 118 bytes failed: 仅完成部分的 ReadProcessMemory 或 WriteProcessMemory 请求。 (0x12B)
[0617/021254.679:ERROR:process_memory_win.cc(73)] ReadMemory at 0x1c92e773762 of 98 bytes failed: 仅完成部分的 ReadProcessMemory 或 WriteProcessMemory 请求。 (0x12B)
[0617/021254.679:ERROR:process_memory_win.cc(73)] ReadMemory at 0x1c92e7737d0 of 58 bytes failed: 仅完成部分的 ReadProcessMemory 或 WriteProcessMemory 请求。 (0x12B)
[0617/021254.679:ERROR:process_memory_win.cc(73)] ReadMemory at 0x1c92e7738d0 of 132 bytes failed: 仅完成部分的 ReadProcessMemory 或 WriteProcessMemory 请求。 (0x12B)
[0617/021254.679:ERROR:process_memory_win.cc(73)] ReadMemory at 0x1c92e773a60 of 132 bytes failed: 仅完成部分的 ReadProcessMemory 或 WriteProcessMemory 请求。 (0x12B)
[0617/021254.680:ERROR:process_memory_win.cc(73)] ReadMemory at 0x1c92e773c20 of 124 bytes failed: 仅完成部分的 ReadProcessMemory 或 WriteProcessMemory 请求。 (0x12B)
[0617/021254.680:ERROR:process_memory_win.cc(73)] ReadMemory at 0x1c92e774000 of 132 bytes failed: 仅完成部分的 ReadProcessMemory 或 WriteProcessMemory 请求。 (0x12B)
[0617/021254.680:ERROR:process_memory_win.cc(73)] ReadMemory at 0x1c92e774190 of 64 bytes failed: 仅完成部分的 ReadProcessMemory 或 WriteProcessMemory 请求。 (0x12B)
[0617/021254.680:ERROR:process_memory_win.cc(73)] ReadMemory at 0x1c92e7741e0 of 132 bytes failed: 仅完成部分的 ReadProcessMemory 或 WriteProcessMemory 请求。 (0x12B)
[0617/021254.680:ERROR:process_memory_win.cc(73)] ReadMemory at 0x1c92e774350 of 132 bytes failed: 仅完成部分的 ReadProcessMemory 或 WriteProcessMemory 请求。 (0x12B)
[0617/021254.680:ERROR:process_memory_win.cc(73)] ReadMemory at 0x1c92e7745f0 of 132 bytes failed: 仅完成部分的 ReadProcessMemory 或 WriteProcessMemory 请求。 (0x12B)
[0617/021254.680:ERROR:process_memory_win.cc(73)] ReadMemory at 0x1c92e774780 of 68 bytes failed: 仅完成部分的 ReadProcessMemory 或 WriteProcessMemory 请求。 (0x12B)
[0617/021254.680:ERROR:process_memory_win.cc(73)] ReadMemory at 0x1c92e7758c0 of 132 bytes failed: 仅完成部分的 ReadProcessMemory 或 WriteProcessMemory 请求。 (0x12B)
[0617/021254.680:ERROR:process_memory_win.cc(73)] ReadMemory at 0x1c92e775a50 of 152 bytes failed: 仅完成部分的 ReadProcessMemory 或 WriteProcessMemory 请求。 (0x12B)
[0617/021254.680:ERROR:process_memory_win.cc(73)] ReadMemory at 0x1c92e776930 of 62 bytes failed: 仅完成部分的 ReadProcessMemory 或 WriteProcessMemory 请求。 (0x12B)
[0617/021254.680:ERROR:process_memory_win.cc(73)] ReadMemory at 0x1c92e7769b0 of 144 bytes failed: 仅完成部分的 ReadProcessMemory 或 WriteProcessMemory 请求。 (0x12B)
[0617/021254.680:ERROR:process_memory_win.cc(73)] ReadMemory at 0x1c92e776a90 of 132 bytes failed: 仅完成部分的 ReadProcessMemory 或 WriteProcessMemory 请求。 (0x12B)
[0617/021254.680:ERROR:process_memory_win.cc(73)] ReadMemory at 0x1c92e776c20 of 60 bytes failed: 仅完成部分的 ReadProcessMemory 或 WriteProcessMemory 请求。 (0x12B)
[0617/021254.680:ERROR:process_memory_win.cc(73)] ReadMemory at 0x1c92e7772a0 of 132 bytes failed: 仅完成部分的 ReadProcessMemory 或 WriteProcessMemory 请求。 (0x12B)
[0617/021254.681:ERROR:process_memory_win.cc(73)] ReadMemory at 0x1c92e778b40 of 132 bytes failed: 仅完成部分的 ReadProcessMemory 或 WriteProcessMemory 请求。 (0x12B)
[0617/021254.681:ERROR:process_memory_win.cc(73)] ReadMemory at 0x1c92e77b130 of 132 bytes failed: 仅完成部分的 ReadProcessMemory 或 WriteProcessMemory 请求。 (0x12B)
[0617/021254.681:ERROR:process_memory_win.cc(73)] ReadMemory at 0x1c92e77b350 of 132 bytes failed: 仅完成部分的 ReadProcessMemory 或 WriteProcessMemory 请求。 (0x12B)
[0617/021254.681:ERROR:process_memory_win.cc(73)] ReadMemory at 0x1c92e77b840 of 62 bytes failed: 仅完成部分的 ReadProcessMemory 或 WriteProcessMemory 请求。 (0x12B)
[0617/021254.681:ERROR:process_memory_win.cc(73)] ReadMemory at 0x1c92e77b930 of 60 bytes failed: 仅完成部分的 ReadProcessMemory 或 WriteProcessMemory 请求。 (0x12B)
[0617/021254.681:ERROR:process_memory_win.cc(73)] ReadMemory at 0x1c92e77bb10 of 60 bytes failed: 仅完成部分的 ReadProcessMemory 或 WriteProcessMemory 请求。 (0x12B)
[0617/021254.681:ERROR:process_memory_win.cc(73)] ReadMemory at 0x1c92e77bb60 of 64 bytes failed: 仅完成部分的 ReadProcessMemory 或 WriteProcessMemory 请求。 (0x12B)
[0617/021254.681:ERROR:process_memory_win.cc(73)] ReadMemory at 0x1c92e77bbb0 of 62 bytes failed: 仅完成部分的 ReadProcessMemory 或 WriteProcessMemory 请求。 (0x12B)
[0617/021254.681:ERROR:process_memory_win.cc(73)] ReadMemory at 0x1c92e77bc50 of 66 bytes failed: 仅完成部分的 ReadProcessMemory 或 WriteProcessMemory 请求。 (0x12B)
[0617/021254.681:ERROR:process_memory_win.cc(73)] ReadMemory at 0x1c92e77bca0 of 64 bytes failed: 仅完成部分的 ReadProcessMemory 或 WriteProcessMemory 请求。 (0x12B)
[0617/021254.681:ERROR:process_memory_win.cc(73)] ReadMemory at 0x1c92e77bcf0 of 64 bytes failed: 仅完成部分的 ReadProcessMemory 或 WriteProcessMemory 请求。 (0x12B)
[0617/021254.681:ERROR:process_memory_win.cc(73)] ReadMemory at 0x1c92e77bde0 of 64 bytes failed: 仅完成部分的 ReadProcessMemory 或 WriteProcessMemory 请求。 (0x12B)
[0617/021254.681:ERROR:process_memory_win.cc(73)] ReadMemory at 0x1c92e77c460 of 132 bytes failed: 仅完成部分的 ReadProcessMemory 或 WriteProcessMemory 请求。 (0x12B)
[0617/021254.681:ERROR:process_memory_win.cc(73)] ReadMemory at 0x1c92e77c590 of 132 bytes failed: 仅完成部分的 ReadProcessMemory 或 WriteProcessMemory 请求。 (0x12B)
[0617/021254.681:ERROR:process_memory_win.cc(73)] ReadMemory at 0x1c92e77c720 of 80 bytes failed: 仅完成部分的 ReadProcessMemory 或 WriteProcessMemory 请求。 (0x12B)
[0617/021254.681:ERROR:process_memory_win.cc(73)] ReadMemory at 0x1c92e77c870 of 132 bytes failed: 仅完成部分的 ReadProcessMemory 或 WriteProcessMemory 请求。 (0x12B)
[0617/021254.682:ERROR:process_memory_win.cc(73)] ReadMemory at 0x1c92e77c9a0 of 132 bytes failed: 仅完成部分的 ReadProcessMemory 或 WriteProcessMemory 请求。 (0x12B)
[0617/021254.682:ERROR:process_memory_win.cc(73)] ReadMemory at 0x1c92e77cad0 of 132 bytes failed: 仅完成部分的 ReadProcessMemory 或 WriteProcessMemory 请求。 (0x12B)
[0617/021254.682:ERROR:process_memory_win.cc(73)] ReadMemory at 0x1c92e77cc00 of 132 bytes failed: 仅完成部分的 ReadProcessMemory 或 WriteProcessMemory 请求。 (0x12B)
[0617/021254.682:ERROR:process_memory_win.cc(73)] ReadMemory at 0x1c92e77cd30 of 132 bytes failed: 仅完成部分的 ReadProcessMemory 或 WriteProcessMemory 请求。 (0x12B)
[0617/021254.682:ERROR:process_memory_win.cc(73)] ReadMemory at 0x1c92e77ce60 of 132 bytes failed: 仅完成部分的 ReadProcessMemory 或 WriteProcessMemory 请求。 (0x12B)
[0617/021254.683:ERROR:process_memory_win.cc(73)] ReadMemory at 0x1c92e77cf90 of 132 bytes failed: 仅完成部分的 ReadProcessMemory 或 WriteProcessMemory 请求。 (0x12B)
[0617/021254.683:ERROR:process_memory_win.cc(73)] ReadMemory at 0x1c92e77d0c0 of 132 bytes failed: 仅完成部分的 ReadProcessMemory 或 WriteProcessMemory 请求。 (0x12B)
[0617/021254.684:ERROR:process_memory_win.cc(73)] ReadMemory at 0x1c92e77d320 of 132 bytes failed: 仅完成部分的 ReadProcessMemory 或 WriteProcessMemory 请求。 (0x12B)
[0617/021254.684:ERROR:process_memory_win.cc(73)] ReadMemory at 0x1c92e77d450 of 132 bytes failed: 仅完成部分的 ReadProcessMemory 或 WriteProcessMemory 请求。 (0x12B)
[0617/021254.684:ERROR:process_memory_win.cc(73)] ReadMemory at 0x1c92e77d580 of 132 bytes failed: 仅完成部分的 ReadProcessMemory 或 WriteProcessMemory 请求。 (0x12B)
[0617/021254.684:ERROR:process_memory_win.cc(73)] ReadMemory at 0x1c92e77d6b0 of 132 bytes failed: 仅完成部分的 ReadProcessMemory 或 WriteProcessMemory 请求。 (0x12B)
[0617/021254.684:ERROR:process_memory_win.cc(73)] ReadMemory at 0x1c92e77d8e0 of 78 bytes failed: 仅完成部分的 ReadProcessMemory 或 WriteProcessMemory 请求。 (0x12B)
[0617/021254.684:ERROR:process_memory_win.cc(73)] ReadMemory at 0x1c92e77d940 of 80 bytes failed: 仅完成部分的 ReadProcessMemory 或 WriteProcessMemory 请求。 (0x12B)
[0617/021254.684:ERROR:process_memory_win.cc(73)] ReadMemory at 0x1c92e77dd60 of 76 bytes failed: 仅完成部分的 ReadProcessMemory 或 WriteProcessMemory 请求。 (0x12B)
[0617/021254.684:ERROR:process_memory_win.cc(73)] ReadMemory at 0x1c92e77f6b0 of 132 bytes failed: 仅完成部分的 ReadProcessMemory 或 WriteProcessMemory 请求。 (0x12B)
[0617/021254.684:ERROR:process_memory_win.cc(73)] ReadMemory at 0x1c92e77f8c0 of 132 bytes failed: 仅完成部分的 ReadProcessMemory 或 WriteProcessMemory 请求。 (0x12B)
[0617/021254.684:ERROR:process_memory_win.cc(73)] ReadMemory at 0x1c92e7814f0 of 54 bytes failed: 仅完成部分的 ReadProcessMemory 或 WriteProcessMemory 请求。 (0x12B)
[0617/021254.684:ERROR:process_memory_win.cc(73)] ReadMemory at 0x1c92e784050 of 132 bytes failed: 仅完成部分的 ReadProcessMemory 或 WriteProcessMemory 请求。 (0x12B)
[0617/021254.684:ERROR:process_memory_win.cc(73)] ReadMemory at 0x1c92e786590 of 62 bytes failed: 仅完成部分的 ReadProcessMemory 或 WriteProcessMemory 请求。 (0x12B)
[0617/021254.684:ERROR:process_memory_win.cc(73)] ReadMemory at 0x1c92e7865e0 of 62 bytes failed: 仅完成部分的 ReadProcessMemory 或 WriteProcessMemory 请求。 (0x12B)
[0617/021254.684:ERROR:process_memory_win.cc(73)] ReadMemory at 0x1c92e786680 of 62 bytes failed: 仅完成部分的 ReadProcessMemory 或 WriteProcessMemory 请求。 (0x12B)
[0617/021254.684:ERROR:process_memory_win.cc(73)] ReadMemory at 0x1c92e786720 of 64 bytes failed: 仅完成部分的 ReadProcessMemory 或 WriteProcessMemory 请求。 (0x12B)
[0617/021254.684:ERROR:process_memory_win.cc(73)] ReadMemory at 0x1c92e786770 of 58 bytes failed: 仅完成部分的 ReadProcessMemory 或 WriteProcessMemory 请求。 (0x12B)
[0617/021254.684:ERROR:process_memory_win.cc(73)] ReadMemory at 0x1c92e7867c0 of 60 bytes failed: 仅完成部分的 ReadProcessMemory 或 WriteProcessMemory 请求。 (0x12B)
[0617/021254.685:ERROR:process_memory_win.cc(73)] ReadMemory at 0x1c92e786810 of 64 bytes failed: 仅完成部分的 ReadProcessMemory 或 WriteProcessMemory 请求。 (0x12B)
[0617/021254.685:ERROR:process_memory_win.cc(73)] ReadMemory at 0x1c92e7868b0 of 62 bytes failed: 仅完成部分的 ReadProcessMemory 或 WriteProcessMemory 请求。 (0x12B)
[0617/021254.685:ERROR:process_memory_win.cc(73)] ReadMemory at 0x1c92e786900 of 62 bytes failed: 仅完成部分的 ReadProcessMemory 或 WriteProcessMemory 请求。 (0x12B)
[0617/021254.685:ERROR:process_memory_win.cc(73)] ReadMemory at 0x1c92e786950 of 66 bytes failed: 仅完成部分的 ReadProcessMemory 或 WriteProcessMemory 请求。 (0x12B)
[0617/021254.685:ERROR:process_memory_win.cc(73)] ReadMemory at 0x1c92e786b80 of 62 bytes failed: 仅完成部分的 ReadProcessMemory 或 WriteProcessMemory 请求。 (0x12B)
[0617/021254.685:ERROR:process_memory_win.cc(73)] ReadMemory at 0x1c92e786db0 of 62 bytes failed: 仅完成部分的 ReadProcessMemory 或 WriteProcessMemory 请求。 (0x12B)
[0617/021254.685:ERROR:process_memory_win.cc(73)] ReadMemory at 0x1c92e786e00 of 62 bytes failed: 仅完成部分的 ReadProcessMemory 或 WriteProcessMemory 请求。 (0x12B)
[0617/021254.685:ERROR:process_memory_win.cc(73)] ReadMemory at 0x1c92e786e50 of 60 bytes failed: 仅完成部分的 ReadProcessMemory 或 WriteProcessMemory 请求。 (0x12B)
[0617/021254.685:ERROR:process_memory_win.cc(73)] ReadMemory at 0x1c92e786ea0 of 60 bytes failed: 仅完成部分的 ReadProcessMemory 或 WriteProcessMemory 请求。 (0x12B)
[0617/021254.685:ERROR:process_memory_win.cc(73)] ReadMemory at 0x1c92e787080 of 62 bytes failed: 仅完成部分的 ReadProcessMemory 或 WriteProcessMemory 请求。 (0x12B)
[0617/021254.685:ERROR:process_memory_win.cc(73)] ReadMemory at 0x1c92e7871c0 of 64 bytes failed: 仅完成部分的 ReadProcessMemory 或 WriteProcessMemory 请求。 (0x12B)
[0617/021254.685:ERROR:process_memory_win.cc(73)] ReadMemory at 0x1c92e787210 of 60 bytes failed: 仅完成部分的 ReadProcessMemory 或 WriteProcessMemory 请求。 (0x12B)
[0617/021254.685:ERROR:process_memory_win.cc(73)] ReadMemory at 0x1c92e787260 of 64 bytes failed: 仅完成部分的 ReadProcessMemory 或 WriteProcessMemory 请求。 (0x12B)
[0617/021254.685:ERROR:process_memory_win.cc(73)] ReadMemory at 0x1c92e787cf0 of 132 bytes failed: 仅完成部分的 ReadProcessMemory 或 WriteProcessMemory 请求。 (0x12B)
[0617/021254.685:ERROR:process_memory_win.cc(73)] ReadMemory at 0x1c92e7881b0 of 132 bytes failed: 仅完成部分的 ReadProcessMemory 或 WriteProcessMemory 请求。 (0x12B)
[0617/021254.685:ERROR:process_memory_win.cc(73)] ReadMemory at 0x1c92e7882e0 of 132 bytes failed: 仅完成部分的 ReadProcessMemory 或 WriteProcessMemory 请求。 (0x12B)
[0617/021254.685:ERROR:process_memory_win.cc(73)] ReadMemory at 0x1c92e788410 of 132 bytes failed: 仅完成部分的 ReadProcessMemory 或 WriteProcessMemory 请求。 (0x12B)
[0617/021254.685:ERROR:process_memory_win.cc(73)] ReadMemory at 0x1c92e788540 of 132 bytes failed: 仅完成部分的 ReadProcessMemory 或 WriteProcessMemory 请求。 (0x12B)
[0617/021254.685:ERROR:process_memory_win.cc(73)] ReadMemory at 0x1c92e788670 of 132 bytes failed: 仅完成部分的 ReadProcessMemory 或 WriteProcessMemory 请求。 (0x12B)
[0617/021254.685:ERROR:process_memory_win.cc(73)] ReadMemory at 0x1c92e7887a0 of 132 bytes failed: 仅完成部分的 ReadProcessMemory 或 WriteProcessMemory 请求。 (0x12B)
[0617/021254.686:ERROR:process_memory_win.cc(73)] ReadMemory at 0x1c92e7888d0 of 132 bytes failed: 仅完成部分的 ReadProcessMemory 或 WriteProcessMemory 请求。 (0x12B)
[0617/021254.686:ERROR:process_memory_win.cc(73)] ReadMemory at 0x1c92e788a00 of 132 bytes failed: 仅完成部分的 ReadProcessMemory 或 WriteProcessMemory 请求。 (0x12B)
[0617/021254.686:ERROR:process_memory_win.cc(73)] ReadMemory at 0x1c92e788b30 of 132 bytes failed: 仅完成部分的 ReadProcessMemory 或 WriteProcessMemory 请求。 (0x12B)
[0617/021254.686:ERROR:process_memory_win.cc(73)] ReadMemory at 0x1c92e788c60 of 132 bytes failed: 仅完成部分的 ReadProcessMemory 或 WriteProcessMemory 请求。 (0x12B)
[0617/021254.686:ERROR:process_memory_win.cc(73)] ReadMemory at 0x1c92e788d90 of 132 bytes failed: 仅完成部分的 ReadProcessMemory 或 WriteProcessMemory 请求。 (0x12B)
[0617/021254.686:ERROR:process_memory_win.cc(73)] ReadMemory at 0x1c92e788ec0 of 132 bytes failed: 仅完成部分的 ReadProcessMemory 或 WriteProcessMemory 请求。 (0x12B)
[0617/021254.686:ERROR:process_memory_win.cc(73)] ReadMemory at 0x1c92e788ff0 of 132 bytes failed: 仅完成部分的 ReadProcessMemory 或 WriteProcessMemory 请求。 (0x12B)
[0617/021254.686:ERROR:process_memory_win.cc(73)] ReadMemory at 0x1c92e789120 of 132 bytes failed: 仅完成部分的 ReadProcessMemory 或 WriteProcessMemory 请求。 (0x12B)
[0617/021254.686:ERROR:process_memory_win.cc(73)] ReadMemory at 0x1c92e789250 of 132 bytes failed: 仅完成部分的 ReadProcessMemory 或 WriteProcessMemory 请求。 (0x12B)
[0617/021254.686:ERROR:process_memory_win.cc(73)] ReadMemory at 0x1c92e789380 of 132 bytes failed: 仅完成部分的 ReadProcessMemory 或 WriteProcessMemory 请求。 (0x12B)
[0617/021254.686:ERROR:process_memory_win.cc(73)] ReadMemory at 0x1c92e7894b0 of 132 bytes failed: 仅完成部分的 ReadProcessMemory 或 WriteProcessMemory 请求。 (0x12B)
[0617/021254.686:ERROR:process_memory_win.cc(73)] ReadMemory at 0x1c92e7895e0 of 132 bytes failed: 仅完成部分的 ReadProcessMemory 或 WriteProcessMemory 请求。 (0x12B)
[0617/021254.686:ERROR:process_memory_win.cc(73)] ReadMemory at 0x1c92e789710 of 132 bytes failed: 仅完成部分的 ReadProcessMemory 或 WriteProcessMemory 请求。 (0x12B)
[0617/021254.686:ERROR:process_memory_win.cc(73)] ReadMemory at 0x1c92e789840 of 132 bytes failed: 仅完成部分的 ReadProcessMemory 或 WriteProcessMemory 请求。 (0x12B)
[0617/021254.686:ERROR:process_memory_win.cc(73)] ReadMemory at 0x1c92e79e1f0 of 58 bytes failed: 仅完成部分的 ReadProcessMemory 或 WriteProcessMemory 请求。 (0x12B)
[0617/021254.686:ERROR:process_memory_win.cc(73)] ReadMemory at 0x1c92e79e3d0 of 58 bytes failed: 仅完成部分的 ReadProcessMemory 或 WriteProcessMemory 请求。 (0x12B)
[0617/021254.686:ERROR:process_memory_win.cc(73)] ReadMemory at 0x1c92e79e560 of 58 bytes failed: 仅完成部分的 ReadProcessMemory 或 WriteProcessMemory 请求。 (0x12B)
[0617/021254.686:ERROR:process_memory_win.cc(73)] ReadMemory at 0x1c92e79e650 of 62 bytes failed: 仅完成部分的 ReadProcessMemory 或 WriteProcessMemory 请求。 (0x12B)
[0617/021254.686:ERROR:process_memory_win.cc(73)] ReadMemory at 0x1c92e79e6f0 of 60 bytes failed: 仅完成部分的 ReadProcessMemory 或 WriteProcessMemory 请求。 (0x12B)
[0617/021254.687:ERROR:process_memory_win.cc(73)] ReadMemory at 0x1c92e79e7e0 of 66 bytes failed: 仅完成部分的 ReadProcessMemory 或 WriteProcessMemory 请求。 (0x12B)
[0617/021254.687:ERROR:process_memory_win.cc(73)] ReadMemory at 0x1c92e79ea10 of 62 bytes failed: 仅完成部分的 ReadProcessMemory 或 WriteProcessMemory 请求。 (0x12B)
[0617/021254.687:ERROR:process_memory_win.cc(73)] ReadMemory at 0x1c92e79ec40 of 60 bytes failed: 仅完成部分的 ReadProcessMemory 或 WriteProcessMemory 请求。 (0x12B)
[0617/021254.687:ERROR:process_memory_win.cc(73)] ReadMemory at 0x1c92e79ef10 of 64 bytes failed: 仅完成部分的 ReadProcessMemory 或 WriteProcessMemory 请求。 (0x12B)
[0617/021254.687:ERROR:process_memory_win.cc(73)] ReadMemory at 0x1c92e7a9e10 of 512 bytes failed: 仅完成部分的 ReadProcessMemory 或 WriteProcessMemory 请求。 (0x12B)
[0617/021254.687:ERROR:process_memory_win.cc(73)] ReadMemory at 0x1c92e7af730 of 512 bytes failed: 仅完成部分的 ReadProcessMemory 或 WriteProcessMemory 请求。 (0x12B)
[0617/021254.687:ERROR:process_memory_win.cc(73)] ReadMemory at 0x1c92e881c00 of 512 bytes failed: 仅完成部分的 ReadProcessMemory 或 WriteProcessMemory 请求。 (0x12B)
[0617/021254.687:ERROR:process_memory_win.cc(73)] ReadMemory at 0x1c92ecf34d8 of 512 bytes failed: 仅完成部分的 ReadProcessMemory 或 WriteProcessMemory 请求。 (0x12B)
[0617/021254.687:ERROR:process_memory_win.cc(73)] ReadMemory at 0x1c92ed172e8 of 512 bytes failed: 仅完成部分的 ReadProcessMemory 或 WriteProcessMemory 请求。 (0x12B)
[0617/021254.687:ERROR:process_memory_win.cc(73)] ReadMemory at 0x1c92ed1b820 of 512 bytes failed: 仅完成部分的 ReadProcessMemory 或 WriteProcessMemory 请求。 (0x12B)
[0617/021254.687:ERROR:process_memory_win.cc(73)] ReadMemory at 0x1c92ed21af0 of 1024 bytes failed: 仅完成部分的 ReadProcessMemory 或 WriteProcessMemory 请求。 (0x12B)
[0617/021254.687:ERROR:process_memory_win.cc(73)] ReadMemory at 0x1c92ed4cc70 of 808 bytes failed: 仅完成部分的 ReadProcessMemory 或 WriteProcessMemory 请求。 (0x12B)
[0617/021254.687:ERROR:process_memory_win.cc(73)] ReadMemory at 0x1c92ed4d2c0 of 512 bytes failed: 仅完成部分的 ReadProcessMemory 或 WriteProcessMemory 请求。 (0x12B)
[0617/021254.687:ERROR:process_memory_win.cc(73)] ReadMemory at 0x1c92ed58a10 of 568 bytes failed: 仅完成部分的 ReadProcessMemory 或 WriteProcessMemory 请求。 (0x12B)
[0617/021254.687:ERROR:process_memory_win.cc(73)] ReadMemory at 0x1c92ed5b2e0 of 512 bytes failed: 仅完成部分的 ReadProcessMemory 或 WriteProcessMemory 请求。 (0x12B)
[0617/021254.687:ERROR:process_memory_win.cc(73)] ReadMemory at 0x1c9305f3c10 of 512 bytes failed: 仅完成部分的 ReadProcessMemory 或 WriteProcessMemory 请求。 (0x12B)
[0617/021254.687:ERROR:process_memory_win.cc(73)] ReadMemory at 0x1c9306af828 of 512 bytes failed: 仅完成部分的 ReadProcessMemory 或 WriteProcessMemory 请求。 (0x12B)
[0617/021254.688:ERROR:process_memory_win.cc(73)] ReadMemory at 0x1c9309b7800 of 512 bytes failed: 仅完成部分的 ReadProcessMemory 或 WriteProcessMemory 请求。 (0x12B)
[0617/021254.688:ERROR:process_memory_win.cc(73)] ReadMemory at 0x1c9310dab30 of 512 bytes failed: 仅完成部分的 ReadProcessMemory 或 WriteProcessMemory 请求。 (0x12B)
[0617/021254.688:ERROR:process_memory_win.cc(73)] ReadMemory at 0x1c9310fbe38 of 512 bytes failed: 仅完成部分的 ReadProcessMemory 或 WriteProcessMemory 请求。 (0x12B)
[0617/021254.688:ERROR:process_memory_win.cc(73)] ReadMemory at 0x1c931583e80 of 512 bytes failed: 仅完成部分的 ReadProcessMemory 或 WriteProcessMemory 请求。 (0x12B)
[0617/021254.688:ERROR:process_memory_win.cc(73)] ReadMemory at 0x1c93190bdf0 of 512 bytes failed: 仅完成部分的 ReadProcessMemory 或 WriteProcessMemory 请求。 (0x12B)
[0617/021254.688:ERROR:process_memory_win.cc(73)] ReadMemory at 0x1c9368029c0 of 512 bytes failed: 仅完成部分的 ReadProcessMemory 或 WriteProcessMemory 请求。 (0x12B)
[0617/021254.688:ERROR:process_memory_win.cc(73)] ReadMemory at 0x1c936d8b381 of 512 bytes failed: 仅完成部分的 ReadProcessMemory 或 WriteProcessMemory 请求。 (0x12B)
[0617/021254.688:ERROR:process_memory_win.cc(73)] ReadMemory at 0x1c936df6ad0 of 512 bytes failed: 仅完成部分的 ReadProcessMemory 或 WriteProcessMemory 请求。 (0x12B)
[0617/021254.688:ERROR:process_memory_win.cc(73)] ReadMemory at 0x7ffa7bd27d4b of 512 bytes failed: 仅完成部分的 ReadProcessMemory 或 WriteProcessMemory 请求。 (0x12B)
[0617/021254.688:ERROR:process_memory_win.cc(73)] ReadMemory at 0x7ffa7df63080 of 512 bytes failed: 仅完成部分的 ReadProcessMemory 或 WriteProcessMemory 请求。 (0x12B)
[0617/021254.688:ERROR:process_memory_win.cc(73)] ReadMemory at 0x7ffac46aa719 of 512 bytes failed: 仅完成部分的 ReadProcessMemory 或 WriteProcessMemory 请求。 (0x12B)
[0617/021254.688:ERROR:process_memory_win.cc(73)] ReadMemory at 0x7ffac48dc6e0 of 512 bytes failed: 仅完成部分的 ReadProcessMemory 或 WriteProcessMemory 请求。 (0x12B)
[0617/021254.688:ERROR:process_memory_win.cc(73)] ReadMemory at 0x7ffac6a9c074 of 832 bytes failed: 仅完成部分的 ReadProcessMemory 或 WriteProcessMemory 请求。 (0x12B)
[0617/021254.688:ERROR:process_memory_win.cc(73)] ReadMemory at 0x7ffac6a9c674 of 512 bytes failed: 仅完成部分的 ReadProcessMemory 或 WriteProcessMemory 请求。 (0x12B)
[0617/021254.688:ERROR:process_memory_win.cc(73)] ReadMemory at 0x7ffac6a9f924 of 608 bytes failed: 仅完成部分的 ReadProcessMemory 或 WriteProcessMemory 请求。 (0x12B)
[0617/021254.688:ERROR:process_memory_win.cc(73)] ReadMemory at 0x7ffac6b2c428 of 18 bytes failed: 仅完成部分的 ReadProcessMemory 或 WriteProcessMemory 请求。 (0x12B)
[0617/021254.688:ERROR:process_memory_win.cc(73)] ReadMemory at 0x7ffac6b5f4f8 of 40 bytes failed: 仅完成部分的 ReadProcessMemory 或 WriteProcessMemory 请求。 (0x12B)
[0617/021254.688:ERROR:process_memory_win.cc(73)] ReadMemory at 0x7ffac6b5f978 of 48 bytes failed: 仅完成部分的 ReadProcessMemory 或 WriteProcessMemory 请求。 (0x12B)
[0617/021254.688:ERROR:process_memory_win.cc(73)] ReadMemory at 0x7ffac6b653c0 of 64 bytes failed: 仅完成部分的 ReadProcessMemory 或 WriteProcessMemory 请求。 (0x12B)
[0617/021254.690:ERROR:scoped_process_suspend.cc(40)] NtResumeProcess: 已尝试访问正在退出的过程。 (0xc000010a)
[0630/200210.470:ERROR:process_reader_win.cc(151)] SuspendThread: 拒绝访问。 (0x5)
[0630/200210.472:ERROR:process_reader_win.cc(123)] NtOpenThread: {无法访问} 过程已请求访问一对象，但未给访问权限。 (0xc0000022)
[0630/200210.473:ERROR:exception_snapshot_win.cc(98)] thread ID 1476 not found in process
[0630/200210.486:ERROR:process_reader_win.cc(151)] SuspendThread: 拒绝访问。 (0x5)
[0630/200210.487:ERROR:process_reader_win.cc(151)] SuspendThread: 拒绝访问。 (0x5)
[0630/200210.487:ERROR:process_reader_win.cc(123)] NtOpenThread: {无法访问} 过程已请求访问一对象，但未给访问权限。 (0xc0000022)
[0630/200210.487:ERROR:exception_snapshot_win.cc(98)] thread ID 18164 not found in process
[0630/200210.502:ERROR:process_reader_win.cc(151)] SuspendThread: 拒绝访问。 (0x5)
[0630/200210.502:ERROR:process_reader_win.cc(151)] SuspendThread: 拒绝访问。 (0x5)
[0630/200210.502:ERROR:process_reader_win.cc(151)] SuspendThread: 拒绝访问。 (0x5)
[0630/200210.502:ERROR:process_reader_win.cc(151)] SuspendThread: 拒绝访问。 (0x5)
[0630/200210.502:ERROR:process_reader_win.cc(123)] NtOpenThread: {无法访问} 过程已请求访问一对象，但未给访问权限。 (0xc0000022)
[0630/200210.502:ERROR:exception_snapshot_win.cc(98)] thread ID 8912 not found in process
