2023-06-18 01:18:48,805 
2023-06-18 01:18:48,806 Welcome to p-fish version1.0...New Scan Started
2023-06-18 01:18:48,806 
2023-06-18 01:18:48,806 System: win32
2023-06-18 01:18:48,806 Version: 3.11.4 (tags/v3.11.4:d2340ef, Jun  7 2023, 05:45:37) [MSC v.1934 64 bit (AMD64)]
2023-06-18 01:18:48,806 Root Path: C:\Users\Auime\OneDrive\Code\PythonScripts
2023-06-18 01:19:00,218 Files Processed: 54
2023-06-18 01:19:00,219 Elapsed Time: 11.413393020629883seconds
2023-06-18 01:19:00,219 
2023-06-18 01:19:00,219 Program Terminated Normally
2023-06-18 01:19:00,219 
2023-06-18 01:20:23,252 
2023-06-18 01:20:23,252 Welcome to p-fish version1.0...New Scan Started
2023-06-18 01:20:23,252 
2023-06-18 01:20:23,252 System: win32
2023-06-18 01:20:23,252 Version: 3.11.4 (tags/v3.11.4:d2340ef, Jun  7 2023, 05:45:37) [MSC v.1934 64 bit (AMD64)]
2023-06-18 01:20:23,252 Root Path: C:\Users\Auime\OneDrive\Code\PythonScripts
2023-06-18 01:20:23,287 Files Processed: 54
2023-06-18 01:20:23,287 Elapsed Time: 0.03552389144897461seconds
2023-06-18 01:20:23,287 
2023-06-18 01:20:23,287 Program Terminated Normally
2023-06-18 01:20:23,287 
2023-06-18 01:20:25,507 
2023-06-18 01:20:25,507 Welcome to p-fish version1.0...New Scan Started
2023-06-18 01:20:25,507 
2023-06-18 01:20:25,507 System: win32
2023-06-18 01:20:25,507 Version: 3.11.4 (tags/v3.11.4:d2340ef, Jun  7 2023, 05:45:37) [MSC v.1934 64 bit (AMD64)]
2023-06-18 01:20:25,508 Root Path: C:\Users\Auime\OneDrive\Code\PythonScripts
2023-06-18 01:20:25,539 Files Processed: 54
2023-06-18 01:20:25,539 Elapsed Time: 0.032004356384277344seconds
2023-06-18 01:20:25,539 
2023-06-18 01:20:25,539 Program Terminated Normally
2023-06-18 01:20:25,539 
2023-06-18 01:20:26,248 
2023-06-18 01:20:26,248 Welcome to p-fish version1.0...New Scan Started
2023-06-18 01:20:26,248 
2023-06-18 01:20:26,248 System: win32
2023-06-18 01:20:26,248 Version: 3.11.4 (tags/v3.11.4:d2340ef, Jun  7 2023, 05:45:37) [MSC v.1934 64 bit (AMD64)]
2023-06-18 01:20:26,248 Root Path: C:\Users\Auime\OneDrive\Code\PythonScripts
2023-06-18 01:20:26,278 Files Processed: 54
2023-06-18 01:20:26,279 Elapsed Time: 0.029509782791137695seconds
2023-06-18 01:20:26,279 
2023-06-18 01:20:26,279 Program Terminated Normally
2023-06-18 01:20:26,279 
2023-06-18 01:20:26,780 
2023-06-18 01:20:26,781 Welcome to p-fish version1.0...New Scan Started
2023-06-18 01:20:26,781 
2023-06-18 01:20:26,781 System: win32
2023-06-18 01:20:26,781 Version: 3.11.4 (tags/v3.11.4:d2340ef, Jun  7 2023, 05:45:37) [MSC v.1934 64 bit (AMD64)]
2023-06-18 01:20:26,781 Root Path: C:\Users\Auime\OneDrive\Code\PythonScripts
2023-06-18 01:20:26,814 Files Processed: 54
2023-06-18 01:20:26,814 Elapsed Time: 0.0339963436126709seconds
2023-06-18 01:20:26,814 
2023-06-18 01:20:26,814 Program Terminated Normally
2023-06-18 01:20:26,814 
2023-06-18 01:20:58,436 
2023-06-18 01:20:58,436 Welcome to p-fish version1.0...New Scan Started
2023-06-18 01:20:58,436 
2023-06-18 01:20:58,436 System: win32
2023-06-18 01:20:58,436 Version: 3.11.4 (tags/v3.11.4:d2340ef, Jun  7 2023, 05:45:37) [MSC v.1934 64 bit (AMD64)]
2023-06-18 01:20:58,436 Root Path: C:\Users\Auime\OneDrive\Code\PythonScripts
2023-06-18 01:20:58,469 Files Processed: 54
2023-06-18 01:20:58,469 Elapsed Time: 0.03302574157714844seconds
2023-06-18 01:20:58,469 
2023-06-18 01:20:58,469 Program Terminated Normally
2023-06-18 01:20:58,469 
